#! /usr/bin/vvp
:ivl_version "10.3 (stable)";
:ivl_delay_selection "TYPICAL";
:vpi_time_precision + 0;
:vpi_module "system";
:vpi_module "vhdl_sys";
:vpi_module "v2005_math";
:vpi_module "va_math";
S_0x55c82dcaf490 .scope module, "and_test" "and_test" 2 1;
 .timescale 0 0;
v0x55c82dcd9b70_0 .var/s "a", 63 0;
v0x55c82dcd9c60_0 .var/s "b", 63 0;
v0x55c82dcd9d30_0 .net/s "out", 63 0, L_0x55c82dcede80;  1 drivers
S_0x55c82dcaf100 .scope module, "uut" "and64bit" 2 8, 3 1 0, S_0x55c82dcaf490;
 .timescale 0 0;
    .port_info 0 /INPUT 64 "a"
    .port_info 1 /INPUT 64 "b"
    .port_info 2 /OUTPUT 64 "out"
v0x55c82dcd9840_0 .net/s "a", 63 0, v0x55c82dcd9b70_0;  1 drivers
v0x55c82dcd9920_0 .net/s "b", 63 0, v0x55c82dcd9c60_0;  1 drivers
v0x55c82dcd9a00_0 .net/s "out", 63 0, L_0x55c82dcede80;  alias, 1 drivers
L_0x55c82dcd9ec0 .part v0x55c82dcd9b70_0, 0, 1;
L_0x55c82dcda000 .part v0x55c82dcd9c60_0, 0, 1;
L_0x55c82dcda140 .part v0x55c82dcd9b70_0, 1, 1;
L_0x55c82dcda230 .part v0x55c82dcd9c60_0, 1, 1;
L_0x55c82dcda3c0 .part v0x55c82dcd9b70_0, 2, 1;
L_0x55c82dcda4b0 .part v0x55c82dcd9c60_0, 2, 1;
L_0x55c82dcda690 .part v0x55c82dcd9b70_0, 3, 1;
L_0x55c82dcda730 .part v0x55c82dcd9c60_0, 3, 1;
L_0x55c82dcda910 .part v0x55c82dcd9b70_0, 4, 1;
L_0x55c82dcdaa00 .part v0x55c82dcd9c60_0, 4, 1;
L_0x55c82dcdabf0 .part v0x55c82dcd9b70_0, 5, 1;
L_0x55c82dcdac90 .part v0x55c82dcd9c60_0, 5, 1;
L_0x55c82dcdae90 .part v0x55c82dcd9b70_0, 6, 1;
L_0x55c82dcdaf80 .part v0x55c82dcd9c60_0, 6, 1;
L_0x55c82dcdb230 .part v0x55c82dcd9b70_0, 7, 1;
L_0x55c82dcdb320 .part v0x55c82dcd9c60_0, 7, 1;
L_0x55c82dcdb540 .part v0x55c82dcd9b70_0, 8, 1;
L_0x55c82dcdb630 .part v0x55c82dcd9c60_0, 8, 1;
L_0x55c82dcdb860 .part v0x55c82dcd9b70_0, 9, 1;
L_0x55c82dcdb950 .part v0x55c82dcd9c60_0, 9, 1;
L_0x55c82dcdb720 .part v0x55c82dcd9b70_0, 10, 1;
L_0x55c82dcdbbe0 .part v0x55c82dcd9c60_0, 10, 1;
L_0x55c82dcdbe30 .part v0x55c82dcd9b70_0, 11, 1;
L_0x55c82dcdbf20 .part v0x55c82dcd9c60_0, 11, 1;
L_0x55c82dcdc180 .part v0x55c82dcd9b70_0, 12, 1;
L_0x55c82dcdc270 .part v0x55c82dcd9c60_0, 12, 1;
L_0x55c82dcdc4e0 .part v0x55c82dcd9b70_0, 13, 1;
L_0x55c82dcdc5d0 .part v0x55c82dcd9c60_0, 13, 1;
L_0x55c82dcdc850 .part v0x55c82dcd9b70_0, 14, 1;
L_0x55c82dcdcb50 .part v0x55c82dcd9c60_0, 14, 1;
L_0x55c82dcdcff0 .part v0x55c82dcd9b70_0, 15, 1;
L_0x55c82dcdd0e0 .part v0x55c82dcd9c60_0, 15, 1;
L_0x55c82dcdd380 .part v0x55c82dcd9b70_0, 16, 1;
L_0x55c82dcdd470 .part v0x55c82dcd9c60_0, 16, 1;
L_0x55c82dcdd720 .part v0x55c82dcd9b70_0, 17, 1;
L_0x55c82dcdd810 .part v0x55c82dcd9c60_0, 17, 1;
L_0x55c82dcdda30 .part v0x55c82dcd9b70_0, 18, 1;
L_0x55c82dcddad0 .part v0x55c82dcd9c60_0, 18, 1;
L_0x55c82dcddd70 .part v0x55c82dcd9b70_0, 19, 1;
L_0x55c82dcdde60 .part v0x55c82dcd9c60_0, 19, 1;
L_0x55c82dcde140 .part v0x55c82dcd9b70_0, 20, 1;
L_0x55c82dcde230 .part v0x55c82dcd9c60_0, 20, 1;
L_0x55c82dcde520 .part v0x55c82dcd9b70_0, 21, 1;
L_0x55c82dcde610 .part v0x55c82dcd9c60_0, 21, 1;
L_0x55c82dcde910 .part v0x55c82dcd9b70_0, 22, 1;
L_0x55c82dcdea00 .part v0x55c82dcd9c60_0, 22, 1;
L_0x55c82dcded10 .part v0x55c82dcd9b70_0, 23, 1;
L_0x55c82dcdee00 .part v0x55c82dcd9c60_0, 23, 1;
L_0x55c82dcdf120 .part v0x55c82dcd9b70_0, 24, 1;
L_0x55c82dcdf210 .part v0x55c82dcd9c60_0, 24, 1;
L_0x55c82dcdf540 .part v0x55c82dcd9b70_0, 25, 1;
L_0x55c82dcdf630 .part v0x55c82dcd9c60_0, 25, 1;
L_0x55c82dcdf970 .part v0x55c82dcd9b70_0, 26, 1;
L_0x55c82dcdfa60 .part v0x55c82dcd9c60_0, 26, 1;
L_0x55c82dcdfdb0 .part v0x55c82dcd9b70_0, 27, 1;
L_0x55c82dcdfea0 .part v0x55c82dcd9c60_0, 27, 1;
L_0x55c82dce0200 .part v0x55c82dcd9b70_0, 28, 1;
L_0x55c82dce02f0 .part v0x55c82dcd9c60_0, 28, 1;
L_0x55c82dce0660 .part v0x55c82dcd9b70_0, 29, 1;
L_0x55c82dce0750 .part v0x55c82dcd9c60_0, 29, 1;
L_0x55c82dce0ad0 .part v0x55c82dcd9b70_0, 30, 1;
L_0x55c82dce0fd0 .part v0x55c82dcd9c60_0, 30, 1;
L_0x55c82dce1770 .part v0x55c82dcd9b70_0, 31, 1;
L_0x55c82dce1860 .part v0x55c82dcd9c60_0, 31, 1;
L_0x55c82dce1c00 .part v0x55c82dcd9b70_0, 32, 1;
L_0x55c82dce1cf0 .part v0x55c82dcd9c60_0, 32, 1;
L_0x55c82dce20a0 .part v0x55c82dcd9b70_0, 33, 1;
L_0x55c82dce2190 .part v0x55c82dcd9c60_0, 33, 1;
L_0x55c82dce2550 .part v0x55c82dcd9b70_0, 34, 1;
L_0x55c82dce2640 .part v0x55c82dcd9c60_0, 34, 1;
L_0x55c82dce2a10 .part v0x55c82dcd9b70_0, 35, 1;
L_0x55c82dce2b00 .part v0x55c82dcd9c60_0, 35, 1;
L_0x55c82dce2ee0 .part v0x55c82dcd9b70_0, 36, 1;
L_0x55c82dce2fd0 .part v0x55c82dcd9c60_0, 36, 1;
L_0x55c82dce33c0 .part v0x55c82dcd9b70_0, 37, 1;
L_0x55c82dce34b0 .part v0x55c82dcd9c60_0, 37, 1;
L_0x55c82dce38b0 .part v0x55c82dcd9b70_0, 38, 1;
L_0x55c82dce39a0 .part v0x55c82dcd9c60_0, 38, 1;
L_0x55c82dce3db0 .part v0x55c82dcd9b70_0, 39, 1;
L_0x55c82dce3ea0 .part v0x55c82dcd9c60_0, 39, 1;
L_0x55c82dce42c0 .part v0x55c82dcd9b70_0, 40, 1;
L_0x55c82dce43b0 .part v0x55c82dcd9c60_0, 40, 1;
L_0x55c82dce47e0 .part v0x55c82dcd9b70_0, 41, 1;
L_0x55c82dce48d0 .part v0x55c82dcd9c60_0, 41, 1;
L_0x55c82dce4d10 .part v0x55c82dcd9b70_0, 42, 1;
L_0x55c82dce4e00 .part v0x55c82dcd9c60_0, 42, 1;
L_0x55c82dce5250 .part v0x55c82dcd9b70_0, 43, 1;
L_0x55c82dce5340 .part v0x55c82dcd9c60_0, 43, 1;
L_0x55c82dce57a0 .part v0x55c82dcd9b70_0, 44, 1;
L_0x55c82dce5890 .part v0x55c82dcd9c60_0, 44, 1;
L_0x55c82dce5d00 .part v0x55c82dcd9b70_0, 45, 1;
L_0x55c82dce5df0 .part v0x55c82dcd9c60_0, 45, 1;
L_0x55c82dce6270 .part v0x55c82dcd9b70_0, 46, 1;
L_0x55c82dce6360 .part v0x55c82dcd9c60_0, 46, 1;
L_0x55c82dce67f0 .part v0x55c82dcd9b70_0, 47, 1;
L_0x55c82dce68e0 .part v0x55c82dcd9c60_0, 47, 1;
L_0x55c82dce6d80 .part v0x55c82dcd9b70_0, 48, 1;
L_0x55c82dce6e70 .part v0x55c82dcd9c60_0, 48, 1;
L_0x55c82dce7320 .part v0x55c82dcd9b70_0, 49, 1;
L_0x55c82dce7410 .part v0x55c82dcd9c60_0, 49, 1;
L_0x55c82dce78d0 .part v0x55c82dcd9b70_0, 50, 1;
L_0x55c82dce79c0 .part v0x55c82dcd9c60_0, 50, 1;
L_0x55c82dce7e90 .part v0x55c82dcd9b70_0, 51, 1;
L_0x55c82dce7f80 .part v0x55c82dcd9c60_0, 51, 1;
L_0x55c82dce8460 .part v0x55c82dcd9b70_0, 52, 1;
L_0x55c82dce8550 .part v0x55c82dcd9c60_0, 52, 1;
L_0x55c82dce8a40 .part v0x55c82dcd9b70_0, 53, 1;
L_0x55c82dce8b30 .part v0x55c82dcd9c60_0, 53, 1;
L_0x55c82dce9030 .part v0x55c82dcd9b70_0, 54, 1;
L_0x55c82dce9120 .part v0x55c82dcd9c60_0, 54, 1;
L_0x55c82dce9630 .part v0x55c82dcd9b70_0, 55, 1;
L_0x55c82dce9720 .part v0x55c82dcd9c60_0, 55, 1;
L_0x55c82dce9c40 .part v0x55c82dcd9b70_0, 56, 1;
L_0x55c82dce9d30 .part v0x55c82dcd9c60_0, 56, 1;
L_0x55c82dcea260 .part v0x55c82dcd9b70_0, 57, 1;
L_0x55c82dcea350 .part v0x55c82dcd9c60_0, 57, 1;
L_0x55c82dcea890 .part v0x55c82dcd9b70_0, 58, 1;
L_0x55c82dcea980 .part v0x55c82dcd9c60_0, 58, 1;
L_0x55c82dceaed0 .part v0x55c82dcd9b70_0, 59, 1;
L_0x55c82dceafc0 .part v0x55c82dcd9c60_0, 59, 1;
L_0x55c82dceb520 .part v0x55c82dcd9b70_0, 60, 1;
L_0x55c82dceb610 .part v0x55c82dcd9c60_0, 60, 1;
L_0x55c82dcebb80 .part v0x55c82dcd9b70_0, 61, 1;
L_0x55c82dcebc70 .part v0x55c82dcd9c60_0, 61, 1;
L_0x55c82dcec1f0 .part v0x55c82dcd9b70_0, 62, 1;
L_0x55c82dcecaf0 .part v0x55c82dcd9c60_0, 62, 1;
L_0x55c82dced890 .part v0x55c82dcd9b70_0, 63, 1;
L_0x55c82dced980 .part v0x55c82dcd9c60_0, 63, 1;
LS_0x55c82dcede80_0_0 .concat8 [ 1 1 1 1], L_0x55c82dc90ca0, L_0x55c82dc918d0, L_0x55c82dcda350, L_0x55c82dcda620;
LS_0x55c82dcede80_0_4 .concat8 [ 1 1 1 1], L_0x55c82dcda870, L_0x55c82dcdab50, L_0x55c82dcdadf0, L_0x55c82dcdad80;
LS_0x55c82dcede80_0_8 .concat8 [ 1 1 1 1], L_0x55c82dcdb4a0, L_0x55c82dcdb7c0, L_0x55c82dcdbaf0, L_0x55c82dcdbd90;
LS_0x55c82dcede80_0_12 .concat8 [ 1 1 1 1], L_0x55c82dcdc0e0, L_0x55c82dcdc440, L_0x55c82dcdc7b0, L_0x55c82dcdcf50;
LS_0x55c82dcede80_0_16 .concat8 [ 1 1 1 1], L_0x55c82dcdd2e0, L_0x55c82dcdd680, L_0x55c82dcdd560, L_0x55c82dcddd00;
LS_0x55c82dcede80_0_20 .concat8 [ 1 1 1 1], L_0x55c82dcde0a0, L_0x55c82dcde480, L_0x55c82dcde870, L_0x55c82dcdec70;
LS_0x55c82dcede80_0_24 .concat8 [ 1 1 1 1], L_0x55c82dcdf080, L_0x55c82dcdf4a0, L_0x55c82dcdf8d0, L_0x55c82dcdfd10;
LS_0x55c82dcede80_0_28 .concat8 [ 1 1 1 1], L_0x55c82dce0160, L_0x55c82dce05c0, L_0x55c82dce0a30, L_0x55c82dce16d0;
LS_0x55c82dcede80_0_32 .concat8 [ 1 1 1 1], L_0x55c82dce1b60, L_0x55c82dce2000, L_0x55c82dce24b0, L_0x55c82dce2970;
LS_0x55c82dcede80_0_36 .concat8 [ 1 1 1 1], L_0x55c82dce2e40, L_0x55c82dce3320, L_0x55c82dce3810, L_0x55c82dce3d10;
LS_0x55c82dcede80_0_40 .concat8 [ 1 1 1 1], L_0x55c82dce4220, L_0x55c82dce4740, L_0x55c82dce4c70, L_0x55c82dce51b0;
LS_0x55c82dcede80_0_44 .concat8 [ 1 1 1 1], L_0x55c82dce5700, L_0x55c82dce5c60, L_0x55c82dce61d0, L_0x55c82dce6750;
LS_0x55c82dcede80_0_48 .concat8 [ 1 1 1 1], L_0x55c82dce6ce0, L_0x55c82dce7280, L_0x55c82dce7830, L_0x55c82dce7df0;
LS_0x55c82dcede80_0_52 .concat8 [ 1 1 1 1], L_0x55c82dce83c0, L_0x55c82dce89a0, L_0x55c82dce8f90, L_0x55c82dce9590;
LS_0x55c82dcede80_0_56 .concat8 [ 1 1 1 1], L_0x55c82dce9ba0, L_0x55c82dcea1c0, L_0x55c82dcea7f0, L_0x55c82dceae30;
LS_0x55c82dcede80_0_60 .concat8 [ 1 1 1 1], L_0x55c82dceb480, L_0x55c82dcebae0, L_0x55c82dcec150, L_0x55c82dced7f0;
LS_0x55c82dcede80_1_0 .concat8 [ 4 4 4 4], LS_0x55c82dcede80_0_0, LS_0x55c82dcede80_0_4, LS_0x55c82dcede80_0_8, LS_0x55c82dcede80_0_12;
LS_0x55c82dcede80_1_4 .concat8 [ 4 4 4 4], LS_0x55c82dcede80_0_16, LS_0x55c82dcede80_0_20, LS_0x55c82dcede80_0_24, LS_0x55c82dcede80_0_28;
LS_0x55c82dcede80_1_8 .concat8 [ 4 4 4 4], LS_0x55c82dcede80_0_32, LS_0x55c82dcede80_0_36, LS_0x55c82dcede80_0_40, LS_0x55c82dcede80_0_44;
LS_0x55c82dcede80_1_12 .concat8 [ 4 4 4 4], LS_0x55c82dcede80_0_48, LS_0x55c82dcede80_0_52, LS_0x55c82dcede80_0_56, LS_0x55c82dcede80_0_60;
L_0x55c82dcede80 .concat8 [ 16 16 16 16], LS_0x55c82dcede80_1_0, LS_0x55c82dcede80_1_4, LS_0x55c82dcede80_1_8, LS_0x55c82dcede80_1_12;
S_0x55c82dcae840 .scope generate, "genblk1[0]" "genblk1[0]" 3 11, 3 11 0, S_0x55c82dcaf100;
 .timescale 0 0;
P_0x55c82dc8c400 .param/l "i" 0 3 11, +C4<00>;
S_0x55c82dcae4b0 .scope module, "g1" "my_and" 3 15, 4 1 0, S_0x55c82dcae840;
 .timescale 0 0;
    .port_info 0 /INPUT 1 "a"
    .port_info 1 /INPUT 1 "b"
    .port_info 2 /OUTPUT 1 "out"
L_0x55c82dc90ca0 .functor AND 1, L_0x55c82dcd9ec0, L_0x55c82dcda000, C4<1>, C4<1>;
v0x55c82dc83d70_0 .net "a", 0 0, L_0x55c82dcd9ec0;  1 drivers
v0x55c82dc83140_0 .net "b", 0 0, L_0x55c82dcda000;  1 drivers
v0x55c82dc82510_0 .net "out", 0 0, L_0x55c82dc90ca0;  1 drivers
S_0x55c82dcbab80 .scope generate, "genblk1[1]" "genblk1[1]" 3 11, 3 11 0, S_0x55c82dcaf100;
 .timescale 0 0;
P_0x55c82dcbad70 .param/l "i" 0 3 11, +C4<01>;
S_0x55c82dcbae30 .scope module, "g1" "my_and" 3 15, 4 1 0, S_0x55c82dcbab80;
 .timescale 0 0;
    .port_info 0 /INPUT 1 "a"
    .port_info 1 /INPUT 1 "b"
    .port_info 2 /OUTPUT 1 "out"
L_0x55c82dc918d0 .functor AND 1, L_0x55c82dcda140, L_0x55c82dcda230, C4<1>, C4<1>;
v0x55c82dc818e0_0 .net "a", 0 0, L_0x55c82dcda140;  1 drivers
v0x55c82dc80cb0_0 .net "b", 0 0, L_0x55c82dcda230;  1 drivers
v0x55c82dc80080_0 .net "out", 0 0, L_0x55c82dc918d0;  1 drivers
S_0x55c82dcbb150 .scope generate, "genblk1[2]" "genblk1[2]" 3 11, 3 11 0, S_0x55c82dcaf100;
 .timescale 0 0;
P_0x55c82dcbb320 .param/l "i" 0 3 11, +C4<010>;
S_0x55c82dcbb3e0 .scope module, "g1" "my_and" 3 15, 4 1 0, S_0x55c82dcbb150;
 .timescale 0 0;
    .port_info 0 /INPUT 1 "a"
    .port_info 1 /INPUT 1 "b"
    .port_info 2 /OUTPUT 1 "out"
L_0x55c82dcda350 .functor AND 1, L_0x55c82dcda3c0, L_0x55c82dcda4b0, C4<1>, C4<1>;
v0x55c82dc7f210_0 .net "a", 0 0, L_0x55c82dcda3c0;  1 drivers
v0x55c82dcbb660_0 .net "b", 0 0, L_0x55c82dcda4b0;  1 drivers
v0x55c82dcbb720_0 .net "out", 0 0, L_0x55c82dcda350;  1 drivers
S_0x55c82dcbb840 .scope generate, "genblk1[3]" "genblk1[3]" 3 11, 3 11 0, S_0x55c82dcaf100;
 .timescale 0 0;
P_0x55c82dcbba10 .param/l "i" 0 3 11, +C4<011>;
S_0x55c82dcbbaf0 .scope module, "g1" "my_and" 3 15, 4 1 0, S_0x55c82dcbb840;
 .timescale 0 0;
    .port_info 0 /INPUT 1 "a"
    .port_info 1 /INPUT 1 "b"
    .port_info 2 /OUTPUT 1 "out"
L_0x55c82dcda620 .functor AND 1, L_0x55c82dcda690, L_0x55c82dcda730, C4<1>, C4<1>;
v0x55c82dcbbd30_0 .net "a", 0 0, L_0x55c82dcda690;  1 drivers
v0x55c82dcbbe10_0 .net "b", 0 0, L_0x55c82dcda730;  1 drivers
v0x55c82dcbbed0_0 .net "out", 0 0, L_0x55c82dcda620;  1 drivers
S_0x55c82dcbbff0 .scope generate, "genblk1[4]" "genblk1[4]" 3 11, 3 11 0, S_0x55c82dcaf100;
 .timescale 0 0;
P_0x55c82dcbc210 .param/l "i" 0 3 11, +C4<0100>;
S_0x55c82dcbc2f0 .scope module, "g1" "my_and" 3 15, 4 1 0, S_0x55c82dcbbff0;
 .timescale 0 0;
    .port_info 0 /INPUT 1 "a"
    .port_info 1 /INPUT 1 "b"
    .port_info 2 /OUTPUT 1 "out"
L_0x55c82dcda870 .functor AND 1, L_0x55c82dcda910, L_0x55c82dcdaa00, C4<1>, C4<1>;
v0x55c82dcbc530_0 .net "a", 0 0, L_0x55c82dcda910;  1 drivers
v0x55c82dcbc610_0 .net "b", 0 0, L_0x55c82dcdaa00;  1 drivers
v0x55c82dcbc6d0_0 .net "out", 0 0, L_0x55c82dcda870;  1 drivers
S_0x55c82dcbc7f0 .scope generate, "genblk1[5]" "genblk1[5]" 3 11, 3 11 0, S_0x55c82dcaf100;
 .timescale 0 0;
P_0x55c82dcbc9c0 .param/l "i" 0 3 11, +C4<0101>;
S_0x55c82dcbcaa0 .scope module, "g1" "my_and" 3 15, 4 1 0, S_0x55c82dcbc7f0;
 .timescale 0 0;
    .port_info 0 /INPUT 1 "a"
    .port_info 1 /INPUT 1 "b"
    .port_info 2 /OUTPUT 1 "out"
L_0x55c82dcdab50 .functor AND 1, L_0x55c82dcdabf0, L_0x55c82dcdac90, C4<1>, C4<1>;
v0x55c82dcbcce0_0 .net "a", 0 0, L_0x55c82dcdabf0;  1 drivers
v0x55c82dcbcdc0_0 .net "b", 0 0, L_0x55c82dcdac90;  1 drivers
v0x55c82dcbce80_0 .net "out", 0 0, L_0x55c82dcdab50;  1 drivers
S_0x55c82dcbcfd0 .scope generate, "genblk1[6]" "genblk1[6]" 3 11, 3 11 0, S_0x55c82dcaf100;
 .timescale 0 0;
P_0x55c82dcbd1a0 .param/l "i" 0 3 11, +C4<0110>;
S_0x55c82dcbd280 .scope module, "g1" "my_and" 3 15, 4 1 0, S_0x55c82dcbcfd0;
 .timescale 0 0;
    .port_info 0 /INPUT 1 "a"
    .port_info 1 /INPUT 1 "b"
    .port_info 2 /OUTPUT 1 "out"
L_0x55c82dcdadf0 .functor AND 1, L_0x55c82dcdae90, L_0x55c82dcdaf80, C4<1>, C4<1>;
v0x55c82dcbd4c0_0 .net "a", 0 0, L_0x55c82dcdae90;  1 drivers
v0x55c82dcbd5a0_0 .net "b", 0 0, L_0x55c82dcdaf80;  1 drivers
v0x55c82dcbd660_0 .net "out", 0 0, L_0x55c82dcdadf0;  1 drivers
S_0x55c82dcbd7b0 .scope generate, "genblk1[7]" "genblk1[7]" 3 11, 3 11 0, S_0x55c82dcaf100;
 .timescale 0 0;
P_0x55c82dcbd980 .param/l "i" 0 3 11, +C4<0111>;
S_0x55c82dcbda60 .scope module, "g1" "my_and" 3 15, 4 1 0, S_0x55c82dcbd7b0;
 .timescale 0 0;
    .port_info 0 /INPUT 1 "a"
    .port_info 1 /INPUT 1 "b"
    .port_info 2 /OUTPUT 1 "out"
L_0x55c82dcdad80 .functor AND 1, L_0x55c82dcdb230, L_0x55c82dcdb320, C4<1>, C4<1>;
v0x55c82dcbdca0_0 .net "a", 0 0, L_0x55c82dcdb230;  1 drivers
v0x55c82dcbdd80_0 .net "b", 0 0, L_0x55c82dcdb320;  1 drivers
v0x55c82dcbde40_0 .net "out", 0 0, L_0x55c82dcdad80;  1 drivers
S_0x55c82dcbdf90 .scope generate, "genblk1[8]" "genblk1[8]" 3 11, 3 11 0, S_0x55c82dcaf100;
 .timescale 0 0;
P_0x55c82dcbc1c0 .param/l "i" 0 3 11, +C4<01000>;
S_0x55c82dcbe1f0 .scope module, "g1" "my_and" 3 15, 4 1 0, S_0x55c82dcbdf90;
 .timescale 0 0;
    .port_info 0 /INPUT 1 "a"
    .port_info 1 /INPUT 1 "b"
    .port_info 2 /OUTPUT 1 "out"
L_0x55c82dcdb4a0 .functor AND 1, L_0x55c82dcdb540, L_0x55c82dcdb630, C4<1>, C4<1>;
v0x55c82dcbe430_0 .net "a", 0 0, L_0x55c82dcdb540;  1 drivers
v0x55c82dcbe510_0 .net "b", 0 0, L_0x55c82dcdb630;  1 drivers
v0x55c82dcbe5d0_0 .net "out", 0 0, L_0x55c82dcdb4a0;  1 drivers
S_0x55c82dcbe720 .scope generate, "genblk1[9]" "genblk1[9]" 3 11, 3 11 0, S_0x55c82dcaf100;
 .timescale 0 0;
P_0x55c82dcbe8f0 .param/l "i" 0 3 11, +C4<01001>;
S_0x55c82dcbe9d0 .scope module, "g1" "my_and" 3 15, 4 1 0, S_0x55c82dcbe720;
 .timescale 0 0;
    .port_info 0 /INPUT 1 "a"
    .port_info 1 /INPUT 1 "b"
    .port_info 2 /OUTPUT 1 "out"
L_0x55c82dcdb7c0 .functor AND 1, L_0x55c82dcdb860, L_0x55c82dcdb950, C4<1>, C4<1>;
v0x55c82dcbec10_0 .net "a", 0 0, L_0x55c82dcdb860;  1 drivers
v0x55c82dcbecf0_0 .net "b", 0 0, L_0x55c82dcdb950;  1 drivers
v0x55c82dcbedb0_0 .net "out", 0 0, L_0x55c82dcdb7c0;  1 drivers
S_0x55c82dcbef00 .scope generate, "genblk1[10]" "genblk1[10]" 3 11, 3 11 0, S_0x55c82dcaf100;
 .timescale 0 0;
P_0x55c82dcbf0d0 .param/l "i" 0 3 11, +C4<01010>;
S_0x55c82dcbf1b0 .scope module, "g1" "my_and" 3 15, 4 1 0, S_0x55c82dcbef00;
 .timescale 0 0;
    .port_info 0 /INPUT 1 "a"
    .port_info 1 /INPUT 1 "b"
    .port_info 2 /OUTPUT 1 "out"
L_0x55c82dcdbaf0 .functor AND 1, L_0x55c82dcdb720, L_0x55c82dcdbbe0, C4<1>, C4<1>;
v0x55c82dcbf3f0_0 .net "a", 0 0, L_0x55c82dcdb720;  1 drivers
v0x55c82dcbf4d0_0 .net "b", 0 0, L_0x55c82dcdbbe0;  1 drivers
v0x55c82dcbf590_0 .net "out", 0 0, L_0x55c82dcdbaf0;  1 drivers
S_0x55c82dcbf6e0 .scope generate, "genblk1[11]" "genblk1[11]" 3 11, 3 11 0, S_0x55c82dcaf100;
 .timescale 0 0;
P_0x55c82dcbf8b0 .param/l "i" 0 3 11, +C4<01011>;
S_0x55c82dcbf990 .scope module, "g1" "my_and" 3 15, 4 1 0, S_0x55c82dcbf6e0;
 .timescale 0 0;
    .port_info 0 /INPUT 1 "a"
    .port_info 1 /INPUT 1 "b"
    .port_info 2 /OUTPUT 1 "out"
L_0x55c82dcdbd90 .functor AND 1, L_0x55c82dcdbe30, L_0x55c82dcdbf20, C4<1>, C4<1>;
v0x55c82dcbfbd0_0 .net "a", 0 0, L_0x55c82dcdbe30;  1 drivers
v0x55c82dcbfcb0_0 .net "b", 0 0, L_0x55c82dcdbf20;  1 drivers
v0x55c82dcbfd70_0 .net "out", 0 0, L_0x55c82dcdbd90;  1 drivers
S_0x55c82dcbfec0 .scope generate, "genblk1[12]" "genblk1[12]" 3 11, 3 11 0, S_0x55c82dcaf100;
 .timescale 0 0;
P_0x55c82dcc0090 .param/l "i" 0 3 11, +C4<01100>;
S_0x55c82dcc0170 .scope module, "g1" "my_and" 3 15, 4 1 0, S_0x55c82dcbfec0;
 .timescale 0 0;
    .port_info 0 /INPUT 1 "a"
    .port_info 1 /INPUT 1 "b"
    .port_info 2 /OUTPUT 1 "out"
L_0x55c82dcdc0e0 .functor AND 1, L_0x55c82dcdc180, L_0x55c82dcdc270, C4<1>, C4<1>;
v0x55c82dcc03b0_0 .net "a", 0 0, L_0x55c82dcdc180;  1 drivers
v0x55c82dcc0490_0 .net "b", 0 0, L_0x55c82dcdc270;  1 drivers
v0x55c82dcc0550_0 .net "out", 0 0, L_0x55c82dcdc0e0;  1 drivers
S_0x55c82dcc06a0 .scope generate, "genblk1[13]" "genblk1[13]" 3 11, 3 11 0, S_0x55c82dcaf100;
 .timescale 0 0;
P_0x55c82dcc0870 .param/l "i" 0 3 11, +C4<01101>;
S_0x55c82dcc0950 .scope module, "g1" "my_and" 3 15, 4 1 0, S_0x55c82dcc06a0;
 .timescale 0 0;
    .port_info 0 /INPUT 1 "a"
    .port_info 1 /INPUT 1 "b"
    .port_info 2 /OUTPUT 1 "out"
L_0x55c82dcdc440 .functor AND 1, L_0x55c82dcdc4e0, L_0x55c82dcdc5d0, C4<1>, C4<1>;
v0x55c82dcc0b90_0 .net "a", 0 0, L_0x55c82dcdc4e0;  1 drivers
v0x55c82dcc0c70_0 .net "b", 0 0, L_0x55c82dcdc5d0;  1 drivers
v0x55c82dcc0d30_0 .net "out", 0 0, L_0x55c82dcdc440;  1 drivers
S_0x55c82dcc0e80 .scope generate, "genblk1[14]" "genblk1[14]" 3 11, 3 11 0, S_0x55c82dcaf100;
 .timescale 0 0;
P_0x55c82dcc1050 .param/l "i" 0 3 11, +C4<01110>;
S_0x55c82dcc1130 .scope module, "g1" "my_and" 3 15, 4 1 0, S_0x55c82dcc0e80;
 .timescale 0 0;
    .port_info 0 /INPUT 1 "a"
    .port_info 1 /INPUT 1 "b"
    .port_info 2 /OUTPUT 1 "out"
L_0x55c82dcdc7b0 .functor AND 1, L_0x55c82dcdc850, L_0x55c82dcdcb50, C4<1>, C4<1>;
v0x55c82dcc1370_0 .net "a", 0 0, L_0x55c82dcdc850;  1 drivers
v0x55c82dcc1450_0 .net "b", 0 0, L_0x55c82dcdcb50;  1 drivers
v0x55c82dcc1510_0 .net "out", 0 0, L_0x55c82dcdc7b0;  1 drivers
S_0x55c82dcc1660 .scope generate, "genblk1[15]" "genblk1[15]" 3 11, 3 11 0, S_0x55c82dcaf100;
 .timescale 0 0;
P_0x55c82dcc1830 .param/l "i" 0 3 11, +C4<01111>;
S_0x55c82dcc1910 .scope module, "g1" "my_and" 3 15, 4 1 0, S_0x55c82dcc1660;
 .timescale 0 0;
    .port_info 0 /INPUT 1 "a"
    .port_info 1 /INPUT 1 "b"
    .port_info 2 /OUTPUT 1 "out"
L_0x55c82dcdcf50 .functor AND 1, L_0x55c82dcdcff0, L_0x55c82dcdd0e0, C4<1>, C4<1>;
v0x55c82dcc1b50_0 .net "a", 0 0, L_0x55c82dcdcff0;  1 drivers
v0x55c82dcc1c30_0 .net "b", 0 0, L_0x55c82dcdd0e0;  1 drivers
v0x55c82dcc1cf0_0 .net "out", 0 0, L_0x55c82dcdcf50;  1 drivers
S_0x55c82dcc1e40 .scope generate, "genblk1[16]" "genblk1[16]" 3 11, 3 11 0, S_0x55c82dcaf100;
 .timescale 0 0;
P_0x55c82dcc2010 .param/l "i" 0 3 11, +C4<010000>;
S_0x55c82dcc20f0 .scope module, "g1" "my_and" 3 15, 4 1 0, S_0x55c82dcc1e40;
 .timescale 0 0;
    .port_info 0 /INPUT 1 "a"
    .port_info 1 /INPUT 1 "b"
    .port_info 2 /OUTPUT 1 "out"
L_0x55c82dcdd2e0 .functor AND 1, L_0x55c82dcdd380, L_0x55c82dcdd470, C4<1>, C4<1>;
v0x55c82dcc2330_0 .net "a", 0 0, L_0x55c82dcdd380;  1 drivers
v0x55c82dcc2410_0 .net "b", 0 0, L_0x55c82dcdd470;  1 drivers
v0x55c82dcc24d0_0 .net "out", 0 0, L_0x55c82dcdd2e0;  1 drivers
S_0x55c82dcc2620 .scope generate, "genblk1[17]" "genblk1[17]" 3 11, 3 11 0, S_0x55c82dcaf100;
 .timescale 0 0;
P_0x55c82dcc27f0 .param/l "i" 0 3 11, +C4<010001>;
S_0x55c82dcc28d0 .scope module, "g1" "my_and" 3 15, 4 1 0, S_0x55c82dcc2620;
 .timescale 0 0;
    .port_info 0 /INPUT 1 "a"
    .port_info 1 /INPUT 1 "b"
    .port_info 2 /OUTPUT 1 "out"
L_0x55c82dcdd680 .functor AND 1, L_0x55c82dcdd720, L_0x55c82dcdd810, C4<1>, C4<1>;
v0x55c82dcc2b10_0 .net "a", 0 0, L_0x55c82dcdd720;  1 drivers
v0x55c82dcc2bf0_0 .net "b", 0 0, L_0x55c82dcdd810;  1 drivers
v0x55c82dcc2cb0_0 .net "out", 0 0, L_0x55c82dcdd680;  1 drivers
S_0x55c82dcc2e00 .scope generate, "genblk1[18]" "genblk1[18]" 3 11, 3 11 0, S_0x55c82dcaf100;
 .timescale 0 0;
P_0x55c82dcc2fd0 .param/l "i" 0 3 11, +C4<010010>;
S_0x55c82dcc30b0 .scope module, "g1" "my_and" 3 15, 4 1 0, S_0x55c82dcc2e00;
 .timescale 0 0;
    .port_info 0 /INPUT 1 "a"
    .port_info 1 /INPUT 1 "b"
    .port_info 2 /OUTPUT 1 "out"
L_0x55c82dcdd560 .functor AND 1, L_0x55c82dcdda30, L_0x55c82dcddad0, C4<1>, C4<1>;
v0x55c82dcc32f0_0 .net "a", 0 0, L_0x55c82dcdda30;  1 drivers
v0x55c82dcc33d0_0 .net "b", 0 0, L_0x55c82dcddad0;  1 drivers
v0x55c82dcc3490_0 .net "out", 0 0, L_0x55c82dcdd560;  1 drivers
S_0x55c82dcc35e0 .scope generate, "genblk1[19]" "genblk1[19]" 3 11, 3 11 0, S_0x55c82dcaf100;
 .timescale 0 0;
P_0x55c82dcc37b0 .param/l "i" 0 3 11, +C4<010011>;
S_0x55c82dcc3890 .scope module, "g1" "my_and" 3 15, 4 1 0, S_0x55c82dcc35e0;
 .timescale 0 0;
    .port_info 0 /INPUT 1 "a"
    .port_info 1 /INPUT 1 "b"
    .port_info 2 /OUTPUT 1 "out"
L_0x55c82dcddd00 .functor AND 1, L_0x55c82dcddd70, L_0x55c82dcdde60, C4<1>, C4<1>;
v0x55c82dcc3ad0_0 .net "a", 0 0, L_0x55c82dcddd70;  1 drivers
v0x55c82dcc3bb0_0 .net "b", 0 0, L_0x55c82dcdde60;  1 drivers
v0x55c82dcc3c70_0 .net "out", 0 0, L_0x55c82dcddd00;  1 drivers
S_0x55c82dcc3dc0 .scope generate, "genblk1[20]" "genblk1[20]" 3 11, 3 11 0, S_0x55c82dcaf100;
 .timescale 0 0;
P_0x55c82dcc3f90 .param/l "i" 0 3 11, +C4<010100>;
S_0x55c82dcc4070 .scope module, "g1" "my_and" 3 15, 4 1 0, S_0x55c82dcc3dc0;
 .timescale 0 0;
    .port_info 0 /INPUT 1 "a"
    .port_info 1 /INPUT 1 "b"
    .port_info 2 /OUTPUT 1 "out"
L_0x55c82dcde0a0 .functor AND 1, L_0x55c82dcde140, L_0x55c82dcde230, C4<1>, C4<1>;
v0x55c82dcc42b0_0 .net "a", 0 0, L_0x55c82dcde140;  1 drivers
v0x55c82dcc4390_0 .net "b", 0 0, L_0x55c82dcde230;  1 drivers
v0x55c82dcc4450_0 .net "out", 0 0, L_0x55c82dcde0a0;  1 drivers
S_0x55c82dcc45a0 .scope generate, "genblk1[21]" "genblk1[21]" 3 11, 3 11 0, S_0x55c82dcaf100;
 .timescale 0 0;
P_0x55c82dcc4770 .param/l "i" 0 3 11, +C4<010101>;
S_0x55c82dcc4850 .scope module, "g1" "my_and" 3 15, 4 1 0, S_0x55c82dcc45a0;
 .timescale 0 0;
    .port_info 0 /INPUT 1 "a"
    .port_info 1 /INPUT 1 "b"
    .port_info 2 /OUTPUT 1 "out"
L_0x55c82dcde480 .functor AND 1, L_0x55c82dcde520, L_0x55c82dcde610, C4<1>, C4<1>;
v0x55c82dcc4a90_0 .net "a", 0 0, L_0x55c82dcde520;  1 drivers
v0x55c82dcc4b70_0 .net "b", 0 0, L_0x55c82dcde610;  1 drivers
v0x55c82dcc4c30_0 .net "out", 0 0, L_0x55c82dcde480;  1 drivers
S_0x55c82dcc4d80 .scope generate, "genblk1[22]" "genblk1[22]" 3 11, 3 11 0, S_0x55c82dcaf100;
 .timescale 0 0;
P_0x55c82dcc4f50 .param/l "i" 0 3 11, +C4<010110>;
S_0x55c82dcc5030 .scope module, "g1" "my_and" 3 15, 4 1 0, S_0x55c82dcc4d80;
 .timescale 0 0;
    .port_info 0 /INPUT 1 "a"
    .port_info 1 /INPUT 1 "b"
    .port_info 2 /OUTPUT 1 "out"
L_0x55c82dcde870 .functor AND 1, L_0x55c82dcde910, L_0x55c82dcdea00, C4<1>, C4<1>;
v0x55c82dcc5270_0 .net "a", 0 0, L_0x55c82dcde910;  1 drivers
v0x55c82dcc5350_0 .net "b", 0 0, L_0x55c82dcdea00;  1 drivers
v0x55c82dcc5410_0 .net "out", 0 0, L_0x55c82dcde870;  1 drivers
S_0x55c82dcc5560 .scope generate, "genblk1[23]" "genblk1[23]" 3 11, 3 11 0, S_0x55c82dcaf100;
 .timescale 0 0;
P_0x55c82dcc5730 .param/l "i" 0 3 11, +C4<010111>;
S_0x55c82dcc5810 .scope module, "g1" "my_and" 3 15, 4 1 0, S_0x55c82dcc5560;
 .timescale 0 0;
    .port_info 0 /INPUT 1 "a"
    .port_info 1 /INPUT 1 "b"
    .port_info 2 /OUTPUT 1 "out"
L_0x55c82dcdec70 .functor AND 1, L_0x55c82dcded10, L_0x55c82dcdee00, C4<1>, C4<1>;
v0x55c82dcc5a50_0 .net "a", 0 0, L_0x55c82dcded10;  1 drivers
v0x55c82dcc5b30_0 .net "b", 0 0, L_0x55c82dcdee00;  1 drivers
v0x55c82dcc5bf0_0 .net "out", 0 0, L_0x55c82dcdec70;  1 drivers
S_0x55c82dcc5d40 .scope generate, "genblk1[24]" "genblk1[24]" 3 11, 3 11 0, S_0x55c82dcaf100;
 .timescale 0 0;
P_0x55c82dcc5f10 .param/l "i" 0 3 11, +C4<011000>;
S_0x55c82dcc5ff0 .scope module, "g1" "my_and" 3 15, 4 1 0, S_0x55c82dcc5d40;
 .timescale 0 0;
    .port_info 0 /INPUT 1 "a"
    .port_info 1 /INPUT 1 "b"
    .port_info 2 /OUTPUT 1 "out"
L_0x55c82dcdf080 .functor AND 1, L_0x55c82dcdf120, L_0x55c82dcdf210, C4<1>, C4<1>;
v0x55c82dcc6230_0 .net "a", 0 0, L_0x55c82dcdf120;  1 drivers
v0x55c82dcc6310_0 .net "b", 0 0, L_0x55c82dcdf210;  1 drivers
v0x55c82dcc63d0_0 .net "out", 0 0, L_0x55c82dcdf080;  1 drivers
S_0x55c82dcc6520 .scope generate, "genblk1[25]" "genblk1[25]" 3 11, 3 11 0, S_0x55c82dcaf100;
 .timescale 0 0;
P_0x55c82dcc66f0 .param/l "i" 0 3 11, +C4<011001>;
S_0x55c82dcc67d0 .scope module, "g1" "my_and" 3 15, 4 1 0, S_0x55c82dcc6520;
 .timescale 0 0;
    .port_info 0 /INPUT 1 "a"
    .port_info 1 /INPUT 1 "b"
    .port_info 2 /OUTPUT 1 "out"
L_0x55c82dcdf4a0 .functor AND 1, L_0x55c82dcdf540, L_0x55c82dcdf630, C4<1>, C4<1>;
v0x55c82dcc6a10_0 .net "a", 0 0, L_0x55c82dcdf540;  1 drivers
v0x55c82dcc6af0_0 .net "b", 0 0, L_0x55c82dcdf630;  1 drivers
v0x55c82dcc6bb0_0 .net "out", 0 0, L_0x55c82dcdf4a0;  1 drivers
S_0x55c82dcc6d00 .scope generate, "genblk1[26]" "genblk1[26]" 3 11, 3 11 0, S_0x55c82dcaf100;
 .timescale 0 0;
P_0x55c82dcc6ed0 .param/l "i" 0 3 11, +C4<011010>;
S_0x55c82dcc6fb0 .scope module, "g1" "my_and" 3 15, 4 1 0, S_0x55c82dcc6d00;
 .timescale 0 0;
    .port_info 0 /INPUT 1 "a"
    .port_info 1 /INPUT 1 "b"
    .port_info 2 /OUTPUT 1 "out"
L_0x55c82dcdf8d0 .functor AND 1, L_0x55c82dcdf970, L_0x55c82dcdfa60, C4<1>, C4<1>;
v0x55c82dcc71f0_0 .net "a", 0 0, L_0x55c82dcdf970;  1 drivers
v0x55c82dcc72d0_0 .net "b", 0 0, L_0x55c82dcdfa60;  1 drivers
v0x55c82dcc7390_0 .net "out", 0 0, L_0x55c82dcdf8d0;  1 drivers
S_0x55c82dcc74e0 .scope generate, "genblk1[27]" "genblk1[27]" 3 11, 3 11 0, S_0x55c82dcaf100;
 .timescale 0 0;
P_0x55c82dcc76b0 .param/l "i" 0 3 11, +C4<011011>;
S_0x55c82dcc7790 .scope module, "g1" "my_and" 3 15, 4 1 0, S_0x55c82dcc74e0;
 .timescale 0 0;
    .port_info 0 /INPUT 1 "a"
    .port_info 1 /INPUT 1 "b"
    .port_info 2 /OUTPUT 1 "out"
L_0x55c82dcdfd10 .functor AND 1, L_0x55c82dcdfdb0, L_0x55c82dcdfea0, C4<1>, C4<1>;
v0x55c82dcc79d0_0 .net "a", 0 0, L_0x55c82dcdfdb0;  1 drivers
v0x55c82dcc7ab0_0 .net "b", 0 0, L_0x55c82dcdfea0;  1 drivers
v0x55c82dcc7b70_0 .net "out", 0 0, L_0x55c82dcdfd10;  1 drivers
S_0x55c82dcc7cc0 .scope generate, "genblk1[28]" "genblk1[28]" 3 11, 3 11 0, S_0x55c82dcaf100;
 .timescale 0 0;
P_0x55c82dcc7e90 .param/l "i" 0 3 11, +C4<011100>;
S_0x55c82dcc7f70 .scope module, "g1" "my_and" 3 15, 4 1 0, S_0x55c82dcc7cc0;
 .timescale 0 0;
    .port_info 0 /INPUT 1 "a"
    .port_info 1 /INPUT 1 "b"
    .port_info 2 /OUTPUT 1 "out"
L_0x55c82dce0160 .functor AND 1, L_0x55c82dce0200, L_0x55c82dce02f0, C4<1>, C4<1>;
v0x55c82dcc81b0_0 .net "a", 0 0, L_0x55c82dce0200;  1 drivers
v0x55c82dcc8290_0 .net "b", 0 0, L_0x55c82dce02f0;  1 drivers
v0x55c82dcc8350_0 .net "out", 0 0, L_0x55c82dce0160;  1 drivers
S_0x55c82dcc84a0 .scope generate, "genblk1[29]" "genblk1[29]" 3 11, 3 11 0, S_0x55c82dcaf100;
 .timescale 0 0;
P_0x55c82dcc8670 .param/l "i" 0 3 11, +C4<011101>;
S_0x55c82dcc8750 .scope module, "g1" "my_and" 3 15, 4 1 0, S_0x55c82dcc84a0;
 .timescale 0 0;
    .port_info 0 /INPUT 1 "a"
    .port_info 1 /INPUT 1 "b"
    .port_info 2 /OUTPUT 1 "out"
L_0x55c82dce05c0 .functor AND 1, L_0x55c82dce0660, L_0x55c82dce0750, C4<1>, C4<1>;
v0x55c82dcc8990_0 .net "a", 0 0, L_0x55c82dce0660;  1 drivers
v0x55c82dcc8a70_0 .net "b", 0 0, L_0x55c82dce0750;  1 drivers
v0x55c82dcc8b30_0 .net "out", 0 0, L_0x55c82dce05c0;  1 drivers
S_0x55c82dcc8c80 .scope generate, "genblk1[30]" "genblk1[30]" 3 11, 3 11 0, S_0x55c82dcaf100;
 .timescale 0 0;
P_0x55c82dcc8e50 .param/l "i" 0 3 11, +C4<011110>;
S_0x55c82dcc8f30 .scope module, "g1" "my_and" 3 15, 4 1 0, S_0x55c82dcc8c80;
 .timescale 0 0;
    .port_info 0 /INPUT 1 "a"
    .port_info 1 /INPUT 1 "b"
    .port_info 2 /OUTPUT 1 "out"
L_0x55c82dce0a30 .functor AND 1, L_0x55c82dce0ad0, L_0x55c82dce0fd0, C4<1>, C4<1>;
v0x55c82dcc9170_0 .net "a", 0 0, L_0x55c82dce0ad0;  1 drivers
v0x55c82dcc9250_0 .net "b", 0 0, L_0x55c82dce0fd0;  1 drivers
v0x55c82dcc9310_0 .net "out", 0 0, L_0x55c82dce0a30;  1 drivers
S_0x55c82dcc9460 .scope generate, "genblk1[31]" "genblk1[31]" 3 11, 3 11 0, S_0x55c82dcaf100;
 .timescale 0 0;
P_0x55c82dcc9630 .param/l "i" 0 3 11, +C4<011111>;
S_0x55c82dcc9710 .scope module, "g1" "my_and" 3 15, 4 1 0, S_0x55c82dcc9460;
 .timescale 0 0;
    .port_info 0 /INPUT 1 "a"
    .port_info 1 /INPUT 1 "b"
    .port_info 2 /OUTPUT 1 "out"
L_0x55c82dce16d0 .functor AND 1, L_0x55c82dce1770, L_0x55c82dce1860, C4<1>, C4<1>;
v0x55c82dcc9950_0 .net "a", 0 0, L_0x55c82dce1770;  1 drivers
v0x55c82dcc9a30_0 .net "b", 0 0, L_0x55c82dce1860;  1 drivers
v0x55c82dcc9af0_0 .net "out", 0 0, L_0x55c82dce16d0;  1 drivers
S_0x55c82dcc9c40 .scope generate, "genblk1[32]" "genblk1[32]" 3 11, 3 11 0, S_0x55c82dcaf100;
 .timescale 0 0;
P_0x55c82dcc9e10 .param/l "i" 0 3 11, +C4<0100000>;
S_0x55c82dcc9f00 .scope module, "g1" "my_and" 3 15, 4 1 0, S_0x55c82dcc9c40;
 .timescale 0 0;
    .port_info 0 /INPUT 1 "a"
    .port_info 1 /INPUT 1 "b"
    .port_info 2 /OUTPUT 1 "out"
L_0x55c82dce1b60 .functor AND 1, L_0x55c82dce1c00, L_0x55c82dce1cf0, C4<1>, C4<1>;
v0x55c82dcca160_0 .net "a", 0 0, L_0x55c82dce1c00;  1 drivers
v0x55c82dcca240_0 .net "b", 0 0, L_0x55c82dce1cf0;  1 drivers
v0x55c82dcca300_0 .net "out", 0 0, L_0x55c82dce1b60;  1 drivers
S_0x55c82dcca420 .scope generate, "genblk1[33]" "genblk1[33]" 3 11, 3 11 0, S_0x55c82dcaf100;
 .timescale 0 0;
P_0x55c82dcca5f0 .param/l "i" 0 3 11, +C4<0100001>;
S_0x55c82dcca6e0 .scope module, "g1" "my_and" 3 15, 4 1 0, S_0x55c82dcca420;
 .timescale 0 0;
    .port_info 0 /INPUT 1 "a"
    .port_info 1 /INPUT 1 "b"
    .port_info 2 /OUTPUT 1 "out"
L_0x55c82dce2000 .functor AND 1, L_0x55c82dce20a0, L_0x55c82dce2190, C4<1>, C4<1>;
v0x55c82dcca940_0 .net "a", 0 0, L_0x55c82dce20a0;  1 drivers
v0x55c82dccaa20_0 .net "b", 0 0, L_0x55c82dce2190;  1 drivers
v0x55c82dccaae0_0 .net "out", 0 0, L_0x55c82dce2000;  1 drivers
S_0x55c82dccac00 .scope generate, "genblk1[34]" "genblk1[34]" 3 11, 3 11 0, S_0x55c82dcaf100;
 .timescale 0 0;
P_0x55c82dccadd0 .param/l "i" 0 3 11, +C4<0100010>;
S_0x55c82dccaec0 .scope module, "g1" "my_and" 3 15, 4 1 0, S_0x55c82dccac00;
 .timescale 0 0;
    .port_info 0 /INPUT 1 "a"
    .port_info 1 /INPUT 1 "b"
    .port_info 2 /OUTPUT 1 "out"
L_0x55c82dce24b0 .functor AND 1, L_0x55c82dce2550, L_0x55c82dce2640, C4<1>, C4<1>;
v0x55c82dccb120_0 .net "a", 0 0, L_0x55c82dce2550;  1 drivers
v0x55c82dccb200_0 .net "b", 0 0, L_0x55c82dce2640;  1 drivers
v0x55c82dccb2c0_0 .net "out", 0 0, L_0x55c82dce24b0;  1 drivers
S_0x55c82dccb3e0 .scope generate, "genblk1[35]" "genblk1[35]" 3 11, 3 11 0, S_0x55c82dcaf100;
 .timescale 0 0;
P_0x55c82dccb5b0 .param/l "i" 0 3 11, +C4<0100011>;
S_0x55c82dccb6a0 .scope module, "g1" "my_and" 3 15, 4 1 0, S_0x55c82dccb3e0;
 .timescale 0 0;
    .port_info 0 /INPUT 1 "a"
    .port_info 1 /INPUT 1 "b"
    .port_info 2 /OUTPUT 1 "out"
L_0x55c82dce2970 .functor AND 1, L_0x55c82dce2a10, L_0x55c82dce2b00, C4<1>, C4<1>;
v0x55c82dccb900_0 .net "a", 0 0, L_0x55c82dce2a10;  1 drivers
v0x55c82dccb9e0_0 .net "b", 0 0, L_0x55c82dce2b00;  1 drivers
v0x55c82dccbaa0_0 .net "out", 0 0, L_0x55c82dce2970;  1 drivers
S_0x55c82dccbbc0 .scope generate, "genblk1[36]" "genblk1[36]" 3 11, 3 11 0, S_0x55c82dcaf100;
 .timescale 0 0;
P_0x55c82dccbd90 .param/l "i" 0 3 11, +C4<0100100>;
S_0x55c82dccbe80 .scope module, "g1" "my_and" 3 15, 4 1 0, S_0x55c82dccbbc0;
 .timescale 0 0;
    .port_info 0 /INPUT 1 "a"
    .port_info 1 /INPUT 1 "b"
    .port_info 2 /OUTPUT 1 "out"
L_0x55c82dce2e40 .functor AND 1, L_0x55c82dce2ee0, L_0x55c82dce2fd0, C4<1>, C4<1>;
v0x55c82dccc0e0_0 .net "a", 0 0, L_0x55c82dce2ee0;  1 drivers
v0x55c82dccc1c0_0 .net "b", 0 0, L_0x55c82dce2fd0;  1 drivers
v0x55c82dccc280_0 .net "out", 0 0, L_0x55c82dce2e40;  1 drivers
S_0x55c82dccc3a0 .scope generate, "genblk1[37]" "genblk1[37]" 3 11, 3 11 0, S_0x55c82dcaf100;
 .timescale 0 0;
P_0x55c82dccc570 .param/l "i" 0 3 11, +C4<0100101>;
S_0x55c82dccc660 .scope module, "g1" "my_and" 3 15, 4 1 0, S_0x55c82dccc3a0;
 .timescale 0 0;
    .port_info 0 /INPUT 1 "a"
    .port_info 1 /INPUT 1 "b"
    .port_info 2 /OUTPUT 1 "out"
L_0x55c82dce3320 .functor AND 1, L_0x55c82dce33c0, L_0x55c82dce34b0, C4<1>, C4<1>;
v0x55c82dccc8c0_0 .net "a", 0 0, L_0x55c82dce33c0;  1 drivers
v0x55c82dccc9a0_0 .net "b", 0 0, L_0x55c82dce34b0;  1 drivers
v0x55c82dccca60_0 .net "out", 0 0, L_0x55c82dce3320;  1 drivers
S_0x55c82dcccb80 .scope generate, "genblk1[38]" "genblk1[38]" 3 11, 3 11 0, S_0x55c82dcaf100;
 .timescale 0 0;
P_0x55c82dcccd50 .param/l "i" 0 3 11, +C4<0100110>;
S_0x55c82dccce40 .scope module, "g1" "my_and" 3 15, 4 1 0, S_0x55c82dcccb80;
 .timescale 0 0;
    .port_info 0 /INPUT 1 "a"
    .port_info 1 /INPUT 1 "b"
    .port_info 2 /OUTPUT 1 "out"
L_0x55c82dce3810 .functor AND 1, L_0x55c82dce38b0, L_0x55c82dce39a0, C4<1>, C4<1>;
v0x55c82dccd0a0_0 .net "a", 0 0, L_0x55c82dce38b0;  1 drivers
v0x55c82dccd180_0 .net "b", 0 0, L_0x55c82dce39a0;  1 drivers
v0x55c82dccd240_0 .net "out", 0 0, L_0x55c82dce3810;  1 drivers
S_0x55c82dccd360 .scope generate, "genblk1[39]" "genblk1[39]" 3 11, 3 11 0, S_0x55c82dcaf100;
 .timescale 0 0;
P_0x55c82dccd530 .param/l "i" 0 3 11, +C4<0100111>;
S_0x55c82dccd620 .scope module, "g1" "my_and" 3 15, 4 1 0, S_0x55c82dccd360;
 .timescale 0 0;
    .port_info 0 /INPUT 1 "a"
    .port_info 1 /INPUT 1 "b"
    .port_info 2 /OUTPUT 1 "out"
L_0x55c82dce3d10 .functor AND 1, L_0x55c82dce3db0, L_0x55c82dce3ea0, C4<1>, C4<1>;
v0x55c82dccd880_0 .net "a", 0 0, L_0x55c82dce3db0;  1 drivers
v0x55c82dccd960_0 .net "b", 0 0, L_0x55c82dce3ea0;  1 drivers
v0x55c82dccda20_0 .net "out", 0 0, L_0x55c82dce3d10;  1 drivers
S_0x55c82dccdb40 .scope generate, "genblk1[40]" "genblk1[40]" 3 11, 3 11 0, S_0x55c82dcaf100;
 .timescale 0 0;
P_0x55c82dccdd10 .param/l "i" 0 3 11, +C4<0101000>;
S_0x55c82dccde00 .scope module, "g1" "my_and" 3 15, 4 1 0, S_0x55c82dccdb40;
 .timescale 0 0;
    .port_info 0 /INPUT 1 "a"
    .port_info 1 /INPUT 1 "b"
    .port_info 2 /OUTPUT 1 "out"
L_0x55c82dce4220 .functor AND 1, L_0x55c82dce42c0, L_0x55c82dce43b0, C4<1>, C4<1>;
v0x55c82dcce060_0 .net "a", 0 0, L_0x55c82dce42c0;  1 drivers
v0x55c82dcce140_0 .net "b", 0 0, L_0x55c82dce43b0;  1 drivers
v0x55c82dcce200_0 .net "out", 0 0, L_0x55c82dce4220;  1 drivers
S_0x55c82dcce320 .scope generate, "genblk1[41]" "genblk1[41]" 3 11, 3 11 0, S_0x55c82dcaf100;
 .timescale 0 0;
P_0x55c82dcce4f0 .param/l "i" 0 3 11, +C4<0101001>;
S_0x55c82dcce5e0 .scope module, "g1" "my_and" 3 15, 4 1 0, S_0x55c82dcce320;
 .timescale 0 0;
    .port_info 0 /INPUT 1 "a"
    .port_info 1 /INPUT 1 "b"
    .port_info 2 /OUTPUT 1 "out"
L_0x55c82dce4740 .functor AND 1, L_0x55c82dce47e0, L_0x55c82dce48d0, C4<1>, C4<1>;
v0x55c82dcce840_0 .net "a", 0 0, L_0x55c82dce47e0;  1 drivers
v0x55c82dcce920_0 .net "b", 0 0, L_0x55c82dce48d0;  1 drivers
v0x55c82dcce9e0_0 .net "out", 0 0, L_0x55c82dce4740;  1 drivers
S_0x55c82dcceb00 .scope generate, "genblk1[42]" "genblk1[42]" 3 11, 3 11 0, S_0x55c82dcaf100;
 .timescale 0 0;
P_0x55c82dccecd0 .param/l "i" 0 3 11, +C4<0101010>;
S_0x55c82dccedc0 .scope module, "g1" "my_and" 3 15, 4 1 0, S_0x55c82dcceb00;
 .timescale 0 0;
    .port_info 0 /INPUT 1 "a"
    .port_info 1 /INPUT 1 "b"
    .port_info 2 /OUTPUT 1 "out"
L_0x55c82dce4c70 .functor AND 1, L_0x55c82dce4d10, L_0x55c82dce4e00, C4<1>, C4<1>;
v0x55c82dccf020_0 .net "a", 0 0, L_0x55c82dce4d10;  1 drivers
v0x55c82dccf100_0 .net "b", 0 0, L_0x55c82dce4e00;  1 drivers
v0x55c82dccf1c0_0 .net "out", 0 0, L_0x55c82dce4c70;  1 drivers
S_0x55c82dccf2e0 .scope generate, "genblk1[43]" "genblk1[43]" 3 11, 3 11 0, S_0x55c82dcaf100;
 .timescale 0 0;
P_0x55c82dccf4b0 .param/l "i" 0 3 11, +C4<0101011>;
S_0x55c82dccf5a0 .scope module, "g1" "my_and" 3 15, 4 1 0, S_0x55c82dccf2e0;
 .timescale 0 0;
    .port_info 0 /INPUT 1 "a"
    .port_info 1 /INPUT 1 "b"
    .port_info 2 /OUTPUT 1 "out"
L_0x55c82dce51b0 .functor AND 1, L_0x55c82dce5250, L_0x55c82dce5340, C4<1>, C4<1>;
v0x55c82dccf800_0 .net "a", 0 0, L_0x55c82dce5250;  1 drivers
v0x55c82dccf8e0_0 .net "b", 0 0, L_0x55c82dce5340;  1 drivers
v0x55c82dccf9a0_0 .net "out", 0 0, L_0x55c82dce51b0;  1 drivers
S_0x55c82dccfac0 .scope generate, "genblk1[44]" "genblk1[44]" 3 11, 3 11 0, S_0x55c82dcaf100;
 .timescale 0 0;
P_0x55c82dccfc90 .param/l "i" 0 3 11, +C4<0101100>;
S_0x55c82dccfd80 .scope module, "g1" "my_and" 3 15, 4 1 0, S_0x55c82dccfac0;
 .timescale 0 0;
    .port_info 0 /INPUT 1 "a"
    .port_info 1 /INPUT 1 "b"
    .port_info 2 /OUTPUT 1 "out"
L_0x55c82dce5700 .functor AND 1, L_0x55c82dce57a0, L_0x55c82dce5890, C4<1>, C4<1>;
v0x55c82dccffe0_0 .net "a", 0 0, L_0x55c82dce57a0;  1 drivers
v0x55c82dcd00c0_0 .net "b", 0 0, L_0x55c82dce5890;  1 drivers
v0x55c82dcd0180_0 .net "out", 0 0, L_0x55c82dce5700;  1 drivers
S_0x55c82dcd02a0 .scope generate, "genblk1[45]" "genblk1[45]" 3 11, 3 11 0, S_0x55c82dcaf100;
 .timescale 0 0;
P_0x55c82dcd0470 .param/l "i" 0 3 11, +C4<0101101>;
S_0x55c82dcd0560 .scope module, "g1" "my_and" 3 15, 4 1 0, S_0x55c82dcd02a0;
 .timescale 0 0;
    .port_info 0 /INPUT 1 "a"
    .port_info 1 /INPUT 1 "b"
    .port_info 2 /OUTPUT 1 "out"
L_0x55c82dce5c60 .functor AND 1, L_0x55c82dce5d00, L_0x55c82dce5df0, C4<1>, C4<1>;
v0x55c82dcd07c0_0 .net "a", 0 0, L_0x55c82dce5d00;  1 drivers
v0x55c82dcd08a0_0 .net "b", 0 0, L_0x55c82dce5df0;  1 drivers
v0x55c82dcd0960_0 .net "out", 0 0, L_0x55c82dce5c60;  1 drivers
S_0x55c82dcd0a80 .scope generate, "genblk1[46]" "genblk1[46]" 3 11, 3 11 0, S_0x55c82dcaf100;
 .timescale 0 0;
P_0x55c82dcd0c50 .param/l "i" 0 3 11, +C4<0101110>;
S_0x55c82dcd0d40 .scope module, "g1" "my_and" 3 15, 4 1 0, S_0x55c82dcd0a80;
 .timescale 0 0;
    .port_info 0 /INPUT 1 "a"
    .port_info 1 /INPUT 1 "b"
    .port_info 2 /OUTPUT 1 "out"
L_0x55c82dce61d0 .functor AND 1, L_0x55c82dce6270, L_0x55c82dce6360, C4<1>, C4<1>;
v0x55c82dcd0fa0_0 .net "a", 0 0, L_0x55c82dce6270;  1 drivers
v0x55c82dcd1080_0 .net "b", 0 0, L_0x55c82dce6360;  1 drivers
v0x55c82dcd1140_0 .net "out", 0 0, L_0x55c82dce61d0;  1 drivers
S_0x55c82dcd1260 .scope generate, "genblk1[47]" "genblk1[47]" 3 11, 3 11 0, S_0x55c82dcaf100;
 .timescale 0 0;
P_0x55c82dcd1430 .param/l "i" 0 3 11, +C4<0101111>;
S_0x55c82dcd1520 .scope module, "g1" "my_and" 3 15, 4 1 0, S_0x55c82dcd1260;
 .timescale 0 0;
    .port_info 0 /INPUT 1 "a"
    .port_info 1 /INPUT 1 "b"
    .port_info 2 /OUTPUT 1 "out"
L_0x55c82dce6750 .functor AND 1, L_0x55c82dce67f0, L_0x55c82dce68e0, C4<1>, C4<1>;
v0x55c82dcd1780_0 .net "a", 0 0, L_0x55c82dce67f0;  1 drivers
v0x55c82dcd1860_0 .net "b", 0 0, L_0x55c82dce68e0;  1 drivers
v0x55c82dcd1920_0 .net "out", 0 0, L_0x55c82dce6750;  1 drivers
S_0x55c82dcd1a40 .scope generate, "genblk1[48]" "genblk1[48]" 3 11, 3 11 0, S_0x55c82dcaf100;
 .timescale 0 0;
P_0x55c82dcd1c10 .param/l "i" 0 3 11, +C4<0110000>;
S_0x55c82dcd1d00 .scope module, "g1" "my_and" 3 15, 4 1 0, S_0x55c82dcd1a40;
 .timescale 0 0;
    .port_info 0 /INPUT 1 "a"
    .port_info 1 /INPUT 1 "b"
    .port_info 2 /OUTPUT 1 "out"
L_0x55c82dce6ce0 .functor AND 1, L_0x55c82dce6d80, L_0x55c82dce6e70, C4<1>, C4<1>;
v0x55c82dcd1f60_0 .net "a", 0 0, L_0x55c82dce6d80;  1 drivers
v0x55c82dcd2040_0 .net "b", 0 0, L_0x55c82dce6e70;  1 drivers
v0x55c82dcd2100_0 .net "out", 0 0, L_0x55c82dce6ce0;  1 drivers
S_0x55c82dcd2220 .scope generate, "genblk1[49]" "genblk1[49]" 3 11, 3 11 0, S_0x55c82dcaf100;
 .timescale 0 0;
P_0x55c82dcd23f0 .param/l "i" 0 3 11, +C4<0110001>;
S_0x55c82dcd24e0 .scope module, "g1" "my_and" 3 15, 4 1 0, S_0x55c82dcd2220;
 .timescale 0 0;
    .port_info 0 /INPUT 1 "a"
    .port_info 1 /INPUT 1 "b"
    .port_info 2 /OUTPUT 1 "out"
L_0x55c82dce7280 .functor AND 1, L_0x55c82dce7320, L_0x55c82dce7410, C4<1>, C4<1>;
v0x55c82dcd2740_0 .net "a", 0 0, L_0x55c82dce7320;  1 drivers
v0x55c82dcd2820_0 .net "b", 0 0, L_0x55c82dce7410;  1 drivers
v0x55c82dcd28e0_0 .net "out", 0 0, L_0x55c82dce7280;  1 drivers
S_0x55c82dcd2a00 .scope generate, "genblk1[50]" "genblk1[50]" 3 11, 3 11 0, S_0x55c82dcaf100;
 .timescale 0 0;
P_0x55c82dcd2bd0 .param/l "i" 0 3 11, +C4<0110010>;
S_0x55c82dcd2cc0 .scope module, "g1" "my_and" 3 15, 4 1 0, S_0x55c82dcd2a00;
 .timescale 0 0;
    .port_info 0 /INPUT 1 "a"
    .port_info 1 /INPUT 1 "b"
    .port_info 2 /OUTPUT 1 "out"
L_0x55c82dce7830 .functor AND 1, L_0x55c82dce78d0, L_0x55c82dce79c0, C4<1>, C4<1>;
v0x55c82dcd2f20_0 .net "a", 0 0, L_0x55c82dce78d0;  1 drivers
v0x55c82dcd3000_0 .net "b", 0 0, L_0x55c82dce79c0;  1 drivers
v0x55c82dcd30c0_0 .net "out", 0 0, L_0x55c82dce7830;  1 drivers
S_0x55c82dcd31e0 .scope generate, "genblk1[51]" "genblk1[51]" 3 11, 3 11 0, S_0x55c82dcaf100;
 .timescale 0 0;
P_0x55c82dcd33b0 .param/l "i" 0 3 11, +C4<0110011>;
S_0x55c82dcd34a0 .scope module, "g1" "my_and" 3 15, 4 1 0, S_0x55c82dcd31e0;
 .timescale 0 0;
    .port_info 0 /INPUT 1 "a"
    .port_info 1 /INPUT 1 "b"
    .port_info 2 /OUTPUT 1 "out"
L_0x55c82dce7df0 .functor AND 1, L_0x55c82dce7e90, L_0x55c82dce7f80, C4<1>, C4<1>;
v0x55c82dcd3700_0 .net "a", 0 0, L_0x55c82dce7e90;  1 drivers
v0x55c82dcd37e0_0 .net "b", 0 0, L_0x55c82dce7f80;  1 drivers
v0x55c82dcd38a0_0 .net "out", 0 0, L_0x55c82dce7df0;  1 drivers
S_0x55c82dcd39c0 .scope generate, "genblk1[52]" "genblk1[52]" 3 11, 3 11 0, S_0x55c82dcaf100;
 .timescale 0 0;
P_0x55c82dcd3b90 .param/l "i" 0 3 11, +C4<0110100>;
S_0x55c82dcd3c80 .scope module, "g1" "my_and" 3 15, 4 1 0, S_0x55c82dcd39c0;
 .timescale 0 0;
    .port_info 0 /INPUT 1 "a"
    .port_info 1 /INPUT 1 "b"
    .port_info 2 /OUTPUT 1 "out"
L_0x55c82dce83c0 .functor AND 1, L_0x55c82dce8460, L_0x55c82dce8550, C4<1>, C4<1>;
v0x55c82dcd3ee0_0 .net "a", 0 0, L_0x55c82dce8460;  1 drivers
v0x55c82dcd3fc0_0 .net "b", 0 0, L_0x55c82dce8550;  1 drivers
v0x55c82dcd4080_0 .net "out", 0 0, L_0x55c82dce83c0;  1 drivers
S_0x55c82dcd41a0 .scope generate, "genblk1[53]" "genblk1[53]" 3 11, 3 11 0, S_0x55c82dcaf100;
 .timescale 0 0;
P_0x55c82dcd4370 .param/l "i" 0 3 11, +C4<0110101>;
S_0x55c82dcd4460 .scope module, "g1" "my_and" 3 15, 4 1 0, S_0x55c82dcd41a0;
 .timescale 0 0;
    .port_info 0 /INPUT 1 "a"
    .port_info 1 /INPUT 1 "b"
    .port_info 2 /OUTPUT 1 "out"
L_0x55c82dce89a0 .functor AND 1, L_0x55c82dce8a40, L_0x55c82dce8b30, C4<1>, C4<1>;
v0x55c82dcd46c0_0 .net "a", 0 0, L_0x55c82dce8a40;  1 drivers
v0x55c82dcd47a0_0 .net "b", 0 0, L_0x55c82dce8b30;  1 drivers
v0x55c82dcd4860_0 .net "out", 0 0, L_0x55c82dce89a0;  1 drivers
S_0x55c82dcd4980 .scope generate, "genblk1[54]" "genblk1[54]" 3 11, 3 11 0, S_0x55c82dcaf100;
 .timescale 0 0;
P_0x55c82dcd4b50 .param/l "i" 0 3 11, +C4<0110110>;
S_0x55c82dcd4c40 .scope module, "g1" "my_and" 3 15, 4 1 0, S_0x55c82dcd4980;
 .timescale 0 0;
    .port_info 0 /INPUT 1 "a"
    .port_info 1 /INPUT 1 "b"
    .port_info 2 /OUTPUT 1 "out"
L_0x55c82dce8f90 .functor AND 1, L_0x55c82dce9030, L_0x55c82dce9120, C4<1>, C4<1>;
v0x55c82dcd4ea0_0 .net "a", 0 0, L_0x55c82dce9030;  1 drivers
v0x55c82dcd4f80_0 .net "b", 0 0, L_0x55c82dce9120;  1 drivers
v0x55c82dcd5040_0 .net "out", 0 0, L_0x55c82dce8f90;  1 drivers
S_0x55c82dcd5160 .scope generate, "genblk1[55]" "genblk1[55]" 3 11, 3 11 0, S_0x55c82dcaf100;
 .timescale 0 0;
P_0x55c82dcd5330 .param/l "i" 0 3 11, +C4<0110111>;
S_0x55c82dcd5420 .scope module, "g1" "my_and" 3 15, 4 1 0, S_0x55c82dcd5160;
 .timescale 0 0;
    .port_info 0 /INPUT 1 "a"
    .port_info 1 /INPUT 1 "b"
    .port_info 2 /OUTPUT 1 "out"
L_0x55c82dce9590 .functor AND 1, L_0x55c82dce9630, L_0x55c82dce9720, C4<1>, C4<1>;
v0x55c82dcd5680_0 .net "a", 0 0, L_0x55c82dce9630;  1 drivers
v0x55c82dcd5760_0 .net "b", 0 0, L_0x55c82dce9720;  1 drivers
v0x55c82dcd5820_0 .net "out", 0 0, L_0x55c82dce9590;  1 drivers
S_0x55c82dcd5940 .scope generate, "genblk1[56]" "genblk1[56]" 3 11, 3 11 0, S_0x55c82dcaf100;
 .timescale 0 0;
P_0x55c82dcd5b10 .param/l "i" 0 3 11, +C4<0111000>;
S_0x55c82dcd5c00 .scope module, "g1" "my_and" 3 15, 4 1 0, S_0x55c82dcd5940;
 .timescale 0 0;
    .port_info 0 /INPUT 1 "a"
    .port_info 1 /INPUT 1 "b"
    .port_info 2 /OUTPUT 1 "out"
L_0x55c82dce9ba0 .functor AND 1, L_0x55c82dce9c40, L_0x55c82dce9d30, C4<1>, C4<1>;
v0x55c82dcd5e60_0 .net "a", 0 0, L_0x55c82dce9c40;  1 drivers
v0x55c82dcd5f40_0 .net "b", 0 0, L_0x55c82dce9d30;  1 drivers
v0x55c82dcd6000_0 .net "out", 0 0, L_0x55c82dce9ba0;  1 drivers
S_0x55c82dcd6120 .scope generate, "genblk1[57]" "genblk1[57]" 3 11, 3 11 0, S_0x55c82dcaf100;
 .timescale 0 0;
P_0x55c82dcd62f0 .param/l "i" 0 3 11, +C4<0111001>;
S_0x55c82dcd63e0 .scope module, "g1" "my_and" 3 15, 4 1 0, S_0x55c82dcd6120;
 .timescale 0 0;
    .port_info 0 /INPUT 1 "a"
    .port_info 1 /INPUT 1 "b"
    .port_info 2 /OUTPUT 1 "out"
L_0x55c82dcea1c0 .functor AND 1, L_0x55c82dcea260, L_0x55c82dcea350, C4<1>, C4<1>;
v0x55c82dcd6640_0 .net "a", 0 0, L_0x55c82dcea260;  1 drivers
v0x55c82dcd6720_0 .net "b", 0 0, L_0x55c82dcea350;  1 drivers
v0x55c82dcd67e0_0 .net "out", 0 0, L_0x55c82dcea1c0;  1 drivers
S_0x55c82dcd6900 .scope generate, "genblk1[58]" "genblk1[58]" 3 11, 3 11 0, S_0x55c82dcaf100;
 .timescale 0 0;
P_0x55c82dcd6ad0 .param/l "i" 0 3 11, +C4<0111010>;
S_0x55c82dcd6bc0 .scope module, "g1" "my_and" 3 15, 4 1 0, S_0x55c82dcd6900;
 .timescale 0 0;
    .port_info 0 /INPUT 1 "a"
    .port_info 1 /INPUT 1 "b"
    .port_info 2 /OUTPUT 1 "out"
L_0x55c82dcea7f0 .functor AND 1, L_0x55c82dcea890, L_0x55c82dcea980, C4<1>, C4<1>;
v0x55c82dcd6e20_0 .net "a", 0 0, L_0x55c82dcea890;  1 drivers
v0x55c82dcd6f00_0 .net "b", 0 0, L_0x55c82dcea980;  1 drivers
v0x55c82dcd6fc0_0 .net "out", 0 0, L_0x55c82dcea7f0;  1 drivers
S_0x55c82dcd70e0 .scope generate, "genblk1[59]" "genblk1[59]" 3 11, 3 11 0, S_0x55c82dcaf100;
 .timescale 0 0;
P_0x55c82dcd72b0 .param/l "i" 0 3 11, +C4<0111011>;
S_0x55c82dcd73a0 .scope module, "g1" "my_and" 3 15, 4 1 0, S_0x55c82dcd70e0;
 .timescale 0 0;
    .port_info 0 /INPUT 1 "a"
    .port_info 1 /INPUT 1 "b"
    .port_info 2 /OUTPUT 1 "out"
L_0x55c82dceae30 .functor AND 1, L_0x55c82dceaed0, L_0x55c82dceafc0, C4<1>, C4<1>;
v0x55c82dcd7600_0 .net "a", 0 0, L_0x55c82dceaed0;  1 drivers
v0x55c82dcd76e0_0 .net "b", 0 0, L_0x55c82dceafc0;  1 drivers
v0x55c82dcd77a0_0 .net "out", 0 0, L_0x55c82dceae30;  1 drivers
S_0x55c82dcd78c0 .scope generate, "genblk1[60]" "genblk1[60]" 3 11, 3 11 0, S_0x55c82dcaf100;
 .timescale 0 0;
P_0x55c82dcd7a90 .param/l "i" 0 3 11, +C4<0111100>;
S_0x55c82dcd7b80 .scope module, "g1" "my_and" 3 15, 4 1 0, S_0x55c82dcd78c0;
 .timescale 0 0;
    .port_info 0 /INPUT 1 "a"
    .port_info 1 /INPUT 1 "b"
    .port_info 2 /OUTPUT 1 "out"
L_0x55c82dceb480 .functor AND 1, L_0x55c82dceb520, L_0x55c82dceb610, C4<1>, C4<1>;
v0x55c82dcd7de0_0 .net "a", 0 0, L_0x55c82dceb520;  1 drivers
v0x55c82dcd7ec0_0 .net "b", 0 0, L_0x55c82dceb610;  1 drivers
v0x55c82dcd7f80_0 .net "out", 0 0, L_0x55c82dceb480;  1 drivers
S_0x55c82dcd80a0 .scope generate, "genblk1[61]" "genblk1[61]" 3 11, 3 11 0, S_0x55c82dcaf100;
 .timescale 0 0;
P_0x55c82dcd8270 .param/l "i" 0 3 11, +C4<0111101>;
S_0x55c82dcd8360 .scope module, "g1" "my_and" 3 15, 4 1 0, S_0x55c82dcd80a0;
 .timescale 0 0;
    .port_info 0 /INPUT 1 "a"
    .port_info 1 /INPUT 1 "b"
    .port_info 2 /OUTPUT 1 "out"
L_0x55c82dcebae0 .functor AND 1, L_0x55c82dcebb80, L_0x55c82dcebc70, C4<1>, C4<1>;
v0x55c82dcd85c0_0 .net "a", 0 0, L_0x55c82dcebb80;  1 drivers
v0x55c82dcd86a0_0 .net "b", 0 0, L_0x55c82dcebc70;  1 drivers
v0x55c82dcd8760_0 .net "out", 0 0, L_0x55c82dcebae0;  1 drivers
S_0x55c82dcd8880 .scope generate, "genblk1[62]" "genblk1[62]" 3 11, 3 11 0, S_0x55c82dcaf100;
 .timescale 0 0;
P_0x55c82dcd8a50 .param/l "i" 0 3 11, +C4<0111110>;
S_0x55c82dcd8b40 .scope module, "g1" "my_and" 3 15, 4 1 0, S_0x55c82dcd8880;
 .timescale 0 0;
    .port_info 0 /INPUT 1 "a"
    .port_info 1 /INPUT 1 "b"
    .port_info 2 /OUTPUT 1 "out"
L_0x55c82dcec150 .functor AND 1, L_0x55c82dcec1f0, L_0x55c82dcecaf0, C4<1>, C4<1>;
v0x55c82dcd8da0_0 .net "a", 0 0, L_0x55c82dcec1f0;  1 drivers
v0x55c82dcd8e80_0 .net "b", 0 0, L_0x55c82dcecaf0;  1 drivers
v0x55c82dcd8f40_0 .net "out", 0 0, L_0x55c82dcec150;  1 drivers
S_0x55c82dcd9060 .scope generate, "genblk1[63]" "genblk1[63]" 3 11, 3 11 0, S_0x55c82dcaf100;
 .timescale 0 0;
P_0x55c82dcd9230 .param/l "i" 0 3 11, +C4<0111111>;
S_0x55c82dcd9320 .scope module, "g1" "my_and" 3 15, 4 1 0, S_0x55c82dcd9060;
 .timescale 0 0;
    .port_info 0 /INPUT 1 "a"
    .port_info 1 /INPUT 1 "b"
    .port_info 2 /OUTPUT 1 "out"
L_0x55c82dced7f0 .functor AND 1, L_0x55c82dced890, L_0x55c82dced980, C4<1>, C4<1>;
v0x55c82dcd9580_0 .net "a", 0 0, L_0x55c82dced890;  1 drivers
v0x55c82dcd9660_0 .net "b", 0 0, L_0x55c82dced980;  1 drivers
v0x55c82dcd9720_0 .net "out", 0 0, L_0x55c82dced7f0;  1 drivers
    .scope S_0x55c82dcaf490;
T_0 ;
    %vpi_call 2 12 "$dumpfile", "and64bit.vcd" {0 0 0};
    %vpi_call 2 13 "$dumpvars", 32'sb00000000000000000000000000000000, S_0x55c82dcaf490 {0 0 0};
    %pushi/vec4 1023, 0, 64;
    %store/vec4 v0x55c82dcd9b70_0, 0, 64;
    %pushi/vec4 872, 0, 64;
    %store/vec4 v0x55c82dcd9c60_0, 0, 64;
    %delay 20, 0;
    %pushi/vec4 1019, 0, 64;
    %store/vec4 v0x55c82dcd9b70_0, 0, 64;
    %pushi/vec4 1017, 0, 64;
    %store/vec4 v0x55c82dcd9c60_0, 0, 64;
    %delay 20, 0;
    %pushi/vec4 682, 0, 64;
    %store/vec4 v0x55c82dcd9b70_0, 0, 64;
    %pushi/vec4 682, 0, 64;
    %store/vec4 v0x55c82dcd9c60_0, 0, 64;
    %end;
    .thread T_0;
    .scope S_0x55c82dcaf490;
T_1 ;
    %vpi_call 2 26 "$monitor", "AND Inputs:\012        a = %b = %d\012        b = %b = %d\012ANDoutput\012      Out = %b = %d\012", v0x55c82dcd9b70_0, v0x55c82dcd9b70_0, v0x55c82dcd9c60_0, v0x55c82dcd9c60_0, v0x55c82dcd9d30_0, v0x55c82dcd9d30_0 {0 0 0};
    %end;
    .thread T_1;
# The file index is used to find the file name in the following table.
:file_names 5;
    "N/A";
    "<interactive>";
    "and_test.v";
    "and64bit.v";
    "my_and.v";
