#! /usr/bin/vvp
:ivl_version "10.3 (stable)";
:ivl_delay_selection "TYPICAL";
:vpi_time_precision + 0;
:vpi_module "system";
:vpi_module "vhdl_sys";
:vpi_module "v2005_math";
:vpi_module "va_math";
S_0x55715715d2b0 .scope module, "xor_test" "xor_test" 2 1;
 .timescale 0 0;
v0x557157187a90_0 .var/s "a", 63 0;
v0x557157187b80_0 .var/s "b", 63 0;
v0x557157187c50_0 .net/s "out", 63 0, L_0x55715719bd30;  1 drivers
S_0x55715715cf20 .scope module, "uut" "xor64bit" 2 8, 3 1 0, S_0x55715715d2b0;
 .timescale 0 0;
    .port_info 0 /INPUT 64 "a"
    .port_info 1 /INPUT 64 "b"
    .port_info 2 /OUTPUT 64 "out"
v0x557157187760_0 .net/s "a", 63 0, v0x557157187a90_0;  1 drivers
v0x557157187840_0 .net/s "b", 63 0, v0x557157187b80_0;  1 drivers
v0x557157187920_0 .net/s "out", 63 0, L_0x55715719bd30;  alias, 1 drivers
L_0x557157187de0 .part v0x557157187a90_0, 0, 1;
L_0x557157187f20 .part v0x557157187b80_0, 0, 1;
L_0x557157188060 .part v0x557157187a90_0, 1, 1;
L_0x557157188150 .part v0x557157187b80_0, 1, 1;
L_0x557157188270 .part v0x557157187a90_0, 2, 1;
L_0x557157188360 .part v0x557157187b80_0, 2, 1;
L_0x557157188540 .part v0x557157187a90_0, 3, 1;
L_0x5571571885e0 .part v0x557157187b80_0, 3, 1;
L_0x5571571887c0 .part v0x557157187a90_0, 4, 1;
L_0x5571571888b0 .part v0x557157187b80_0, 4, 1;
L_0x557157188aa0 .part v0x557157187a90_0, 5, 1;
L_0x557157188b40 .part v0x557157187b80_0, 5, 1;
L_0x557157188d40 .part v0x557157187a90_0, 6, 1;
L_0x557157188e30 .part v0x557157187b80_0, 6, 1;
L_0x5571571890e0 .part v0x557157187a90_0, 7, 1;
L_0x5571571891d0 .part v0x557157187b80_0, 7, 1;
L_0x5571571893f0 .part v0x557157187a90_0, 8, 1;
L_0x5571571894e0 .part v0x557157187b80_0, 8, 1;
L_0x557157189710 .part v0x557157187a90_0, 9, 1;
L_0x557157189800 .part v0x557157187b80_0, 9, 1;
L_0x5571571895d0 .part v0x557157187a90_0, 10, 1;
L_0x557157189a90 .part v0x557157187b80_0, 10, 1;
L_0x557157189ce0 .part v0x557157187a90_0, 11, 1;
L_0x557157189dd0 .part v0x557157187b80_0, 11, 1;
L_0x55715718a030 .part v0x557157187a90_0, 12, 1;
L_0x55715718a120 .part v0x557157187b80_0, 12, 1;
L_0x55715718a390 .part v0x557157187a90_0, 13, 1;
L_0x55715718a480 .part v0x557157187b80_0, 13, 1;
L_0x55715718a700 .part v0x557157187a90_0, 14, 1;
L_0x55715718aa00 .part v0x557157187b80_0, 14, 1;
L_0x55715718aea0 .part v0x557157187a90_0, 15, 1;
L_0x55715718af90 .part v0x557157187b80_0, 15, 1;
L_0x55715718b230 .part v0x557157187a90_0, 16, 1;
L_0x55715718b320 .part v0x557157187b80_0, 16, 1;
L_0x55715718b5d0 .part v0x557157187a90_0, 17, 1;
L_0x55715718b6c0 .part v0x557157187b80_0, 17, 1;
L_0x55715718b8e0 .part v0x557157187a90_0, 18, 1;
L_0x55715718b980 .part v0x557157187b80_0, 18, 1;
L_0x55715718bc20 .part v0x557157187a90_0, 19, 1;
L_0x55715718bd10 .part v0x557157187b80_0, 19, 1;
L_0x55715718bff0 .part v0x557157187a90_0, 20, 1;
L_0x55715718c0e0 .part v0x557157187b80_0, 20, 1;
L_0x55715718c3d0 .part v0x557157187a90_0, 21, 1;
L_0x55715718c4c0 .part v0x557157187b80_0, 21, 1;
L_0x55715718c7c0 .part v0x557157187a90_0, 22, 1;
L_0x55715718c8b0 .part v0x557157187b80_0, 22, 1;
L_0x55715718cbc0 .part v0x557157187a90_0, 23, 1;
L_0x55715718ccb0 .part v0x557157187b80_0, 23, 1;
L_0x55715718cfd0 .part v0x557157187a90_0, 24, 1;
L_0x55715718d0c0 .part v0x557157187b80_0, 24, 1;
L_0x55715718d3f0 .part v0x557157187a90_0, 25, 1;
L_0x55715718d4e0 .part v0x557157187b80_0, 25, 1;
L_0x55715718d820 .part v0x557157187a90_0, 26, 1;
L_0x55715718d910 .part v0x557157187b80_0, 26, 1;
L_0x55715718dc60 .part v0x557157187a90_0, 27, 1;
L_0x55715718dd50 .part v0x557157187b80_0, 27, 1;
L_0x55715718e0b0 .part v0x557157187a90_0, 28, 1;
L_0x55715718e1a0 .part v0x557157187b80_0, 28, 1;
L_0x55715718e510 .part v0x557157187a90_0, 29, 1;
L_0x55715718e600 .part v0x557157187b80_0, 29, 1;
L_0x55715718e980 .part v0x557157187a90_0, 30, 1;
L_0x55715718ee80 .part v0x557157187b80_0, 30, 1;
L_0x55715718f620 .part v0x557157187a90_0, 31, 1;
L_0x55715718f710 .part v0x557157187b80_0, 31, 1;
L_0x55715718fab0 .part v0x557157187a90_0, 32, 1;
L_0x55715718fba0 .part v0x557157187b80_0, 32, 1;
L_0x55715718ff50 .part v0x557157187a90_0, 33, 1;
L_0x557157190040 .part v0x557157187b80_0, 33, 1;
L_0x557157190400 .part v0x557157187a90_0, 34, 1;
L_0x5571571904f0 .part v0x557157187b80_0, 34, 1;
L_0x5571571908c0 .part v0x557157187a90_0, 35, 1;
L_0x5571571909b0 .part v0x557157187b80_0, 35, 1;
L_0x557157190d90 .part v0x557157187a90_0, 36, 1;
L_0x557157190e80 .part v0x557157187b80_0, 36, 1;
L_0x557157191270 .part v0x557157187a90_0, 37, 1;
L_0x557157191360 .part v0x557157187b80_0, 37, 1;
L_0x557157191760 .part v0x557157187a90_0, 38, 1;
L_0x557157191850 .part v0x557157187b80_0, 38, 1;
L_0x557157191c60 .part v0x557157187a90_0, 39, 1;
L_0x557157191d50 .part v0x557157187b80_0, 39, 1;
L_0x557157192170 .part v0x557157187a90_0, 40, 1;
L_0x557157192260 .part v0x557157187b80_0, 40, 1;
L_0x557157192690 .part v0x557157187a90_0, 41, 1;
L_0x557157192780 .part v0x557157187b80_0, 41, 1;
L_0x557157192bc0 .part v0x557157187a90_0, 42, 1;
L_0x557157192cb0 .part v0x557157187b80_0, 42, 1;
L_0x557157193100 .part v0x557157187a90_0, 43, 1;
L_0x5571571931f0 .part v0x557157187b80_0, 43, 1;
L_0x557157193650 .part v0x557157187a90_0, 44, 1;
L_0x557157193740 .part v0x557157187b80_0, 44, 1;
L_0x557157193bb0 .part v0x557157187a90_0, 45, 1;
L_0x557157193ca0 .part v0x557157187b80_0, 45, 1;
L_0x557157194120 .part v0x557157187a90_0, 46, 1;
L_0x557157194210 .part v0x557157187b80_0, 46, 1;
L_0x5571571946a0 .part v0x557157187a90_0, 47, 1;
L_0x557157194790 .part v0x557157187b80_0, 47, 1;
L_0x557157194c30 .part v0x557157187a90_0, 48, 1;
L_0x557157194d20 .part v0x557157187b80_0, 48, 1;
L_0x5571571951d0 .part v0x557157187a90_0, 49, 1;
L_0x5571571952c0 .part v0x557157187b80_0, 49, 1;
L_0x557157195780 .part v0x557157187a90_0, 50, 1;
L_0x557157195870 .part v0x557157187b80_0, 50, 1;
L_0x557157195d40 .part v0x557157187a90_0, 51, 1;
L_0x557157195e30 .part v0x557157187b80_0, 51, 1;
L_0x557157196310 .part v0x557157187a90_0, 52, 1;
L_0x557157196400 .part v0x557157187b80_0, 52, 1;
L_0x5571571968f0 .part v0x557157187a90_0, 53, 1;
L_0x5571571969e0 .part v0x557157187b80_0, 53, 1;
L_0x557157196ee0 .part v0x557157187a90_0, 54, 1;
L_0x557157196fd0 .part v0x557157187b80_0, 54, 1;
L_0x5571571974e0 .part v0x557157187a90_0, 55, 1;
L_0x5571571975d0 .part v0x557157187b80_0, 55, 1;
L_0x557157197af0 .part v0x557157187a90_0, 56, 1;
L_0x557157197be0 .part v0x557157187b80_0, 56, 1;
L_0x557157198110 .part v0x557157187a90_0, 57, 1;
L_0x557157198200 .part v0x557157187b80_0, 57, 1;
L_0x557157198740 .part v0x557157187a90_0, 58, 1;
L_0x557157198830 .part v0x557157187b80_0, 58, 1;
L_0x557157198d80 .part v0x557157187a90_0, 59, 1;
L_0x557157198e70 .part v0x557157187b80_0, 59, 1;
L_0x5571571993d0 .part v0x557157187a90_0, 60, 1;
L_0x5571571994c0 .part v0x557157187b80_0, 60, 1;
L_0x557157199a30 .part v0x557157187a90_0, 61, 1;
L_0x557157199b20 .part v0x557157187b80_0, 61, 1;
L_0x55715719a0a0 .part v0x557157187a90_0, 62, 1;
L_0x55715719a9a0 .part v0x557157187b80_0, 62, 1;
L_0x55715719b740 .part v0x557157187a90_0, 63, 1;
L_0x55715719b830 .part v0x557157187b80_0, 63, 1;
LS_0x55715719bd30_0_0 .concat8 [ 1 1 1 1], L_0x55715713ba00, L_0x55715713eac0, L_0x55715713f6f0, L_0x5571571884d0;
LS_0x55715719bd30_0_4 .concat8 [ 1 1 1 1], L_0x557157188720, L_0x557157188a00, L_0x557157188ca0, L_0x557157188c30;
LS_0x55715719bd30_0_8 .concat8 [ 1 1 1 1], L_0x557157189350, L_0x557157189670, L_0x5571571899a0, L_0x557157189c40;
LS_0x55715719bd30_0_12 .concat8 [ 1 1 1 1], L_0x557157189f90, L_0x55715718a2f0, L_0x55715718a660, L_0x55715718ae00;
LS_0x55715719bd30_0_16 .concat8 [ 1 1 1 1], L_0x55715718b190, L_0x55715718b530, L_0x55715718b410, L_0x55715718bbb0;
LS_0x55715719bd30_0_20 .concat8 [ 1 1 1 1], L_0x55715718bf50, L_0x55715718c330, L_0x55715718c720, L_0x55715718cb20;
LS_0x55715719bd30_0_24 .concat8 [ 1 1 1 1], L_0x55715718cf30, L_0x55715718d350, L_0x55715718d780, L_0x55715718dbc0;
LS_0x55715719bd30_0_28 .concat8 [ 1 1 1 1], L_0x55715718e010, L_0x55715718e470, L_0x55715718e8e0, L_0x55715718f580;
LS_0x55715719bd30_0_32 .concat8 [ 1 1 1 1], L_0x55715718fa10, L_0x55715718feb0, L_0x557157190360, L_0x557157190820;
LS_0x55715719bd30_0_36 .concat8 [ 1 1 1 1], L_0x557157190cf0, L_0x5571571911d0, L_0x5571571916c0, L_0x557157191bc0;
LS_0x55715719bd30_0_40 .concat8 [ 1 1 1 1], L_0x5571571920d0, L_0x5571571925f0, L_0x557157192b20, L_0x557157193060;
LS_0x55715719bd30_0_44 .concat8 [ 1 1 1 1], L_0x5571571935b0, L_0x557157193b10, L_0x557157194080, L_0x557157194600;
LS_0x55715719bd30_0_48 .concat8 [ 1 1 1 1], L_0x557157194b90, L_0x557157195130, L_0x5571571956e0, L_0x557157195ca0;
LS_0x55715719bd30_0_52 .concat8 [ 1 1 1 1], L_0x557157196270, L_0x557157196850, L_0x557157196e40, L_0x557157197440;
LS_0x55715719bd30_0_56 .concat8 [ 1 1 1 1], L_0x557157197a50, L_0x557157198070, L_0x5571571986a0, L_0x557157198ce0;
LS_0x55715719bd30_0_60 .concat8 [ 1 1 1 1], L_0x557157199330, L_0x557157199990, L_0x55715719a000, L_0x55715719b6a0;
LS_0x55715719bd30_1_0 .concat8 [ 4 4 4 4], LS_0x55715719bd30_0_0, LS_0x55715719bd30_0_4, LS_0x55715719bd30_0_8, LS_0x55715719bd30_0_12;
LS_0x55715719bd30_1_4 .concat8 [ 4 4 4 4], LS_0x55715719bd30_0_16, LS_0x55715719bd30_0_20, LS_0x55715719bd30_0_24, LS_0x55715719bd30_0_28;
LS_0x55715719bd30_1_8 .concat8 [ 4 4 4 4], LS_0x55715719bd30_0_32, LS_0x55715719bd30_0_36, LS_0x55715719bd30_0_40, LS_0x55715719bd30_0_44;
LS_0x55715719bd30_1_12 .concat8 [ 4 4 4 4], LS_0x55715719bd30_0_48, LS_0x55715719bd30_0_52, LS_0x55715719bd30_0_56, LS_0x55715719bd30_0_60;
L_0x55715719bd30 .concat8 [ 16 16 16 16], LS_0x55715719bd30_1_0, LS_0x55715719bd30_1_4, LS_0x55715719bd30_1_8, LS_0x55715719bd30_1_12;
S_0x55715715c660 .scope generate, "genblk1[0]" "genblk1[0]" 3 11, 3 11 0, S_0x55715715cf20;
 .timescale 0 0;
P_0x55715713a220 .param/l "i" 0 3 11, +C4<00>;
S_0x55715715c2d0 .scope module, "g_xor" "my_xor" 3 14, 4 1 0, S_0x55715715c660;
 .timescale 0 0;
    .port_info 0 /INPUT 1 "a"
    .port_info 1 /INPUT 1 "b"
    .port_info 2 /OUTPUT 1 "out"
L_0x55715713ba00 .functor XOR 1, L_0x557157187de0, L_0x557157187f20, C4<0>, C4<0>;
v0x557157131b90_0 .net "a", 0 0, L_0x557157187de0;  1 drivers
v0x557157130f60_0 .net "b", 0 0, L_0x557157187f20;  1 drivers
v0x557157130330_0 .net "out", 0 0, L_0x55715713ba00;  1 drivers
S_0x557157168aa0 .scope generate, "genblk1[1]" "genblk1[1]" 3 11, 3 11 0, S_0x55715715cf20;
 .timescale 0 0;
P_0x557157168c90 .param/l "i" 0 3 11, +C4<01>;
S_0x557157168d50 .scope module, "g_xor" "my_xor" 3 14, 4 1 0, S_0x557157168aa0;
 .timescale 0 0;
    .port_info 0 /INPUT 1 "a"
    .port_info 1 /INPUT 1 "b"
    .port_info 2 /OUTPUT 1 "out"
L_0x55715713eac0 .functor XOR 1, L_0x557157188060, L_0x557157188150, C4<0>, C4<0>;
v0x55715712f700_0 .net "a", 0 0, L_0x557157188060;  1 drivers
v0x55715712ead0_0 .net "b", 0 0, L_0x557157188150;  1 drivers
v0x55715712dea0_0 .net "out", 0 0, L_0x55715713eac0;  1 drivers
S_0x557157169070 .scope generate, "genblk1[2]" "genblk1[2]" 3 11, 3 11 0, S_0x55715715cf20;
 .timescale 0 0;
P_0x557157169240 .param/l "i" 0 3 11, +C4<010>;
S_0x557157169300 .scope module, "g_xor" "my_xor" 3 14, 4 1 0, S_0x557157169070;
 .timescale 0 0;
    .port_info 0 /INPUT 1 "a"
    .port_info 1 /INPUT 1 "b"
    .port_info 2 /OUTPUT 1 "out"
L_0x55715713f6f0 .functor XOR 1, L_0x557157188270, L_0x557157188360, C4<0>, C4<0>;
v0x55715712d030_0 .net "a", 0 0, L_0x557157188270;  1 drivers
v0x557157169580_0 .net "b", 0 0, L_0x557157188360;  1 drivers
v0x557157169640_0 .net "out", 0 0, L_0x55715713f6f0;  1 drivers
S_0x557157169760 .scope generate, "genblk1[3]" "genblk1[3]" 3 11, 3 11 0, S_0x55715715cf20;
 .timescale 0 0;
P_0x557157169930 .param/l "i" 0 3 11, +C4<011>;
S_0x557157169a10 .scope module, "g_xor" "my_xor" 3 14, 4 1 0, S_0x557157169760;
 .timescale 0 0;
    .port_info 0 /INPUT 1 "a"
    .port_info 1 /INPUT 1 "b"
    .port_info 2 /OUTPUT 1 "out"
L_0x5571571884d0 .functor XOR 1, L_0x557157188540, L_0x5571571885e0, C4<0>, C4<0>;
v0x557157169c50_0 .net "a", 0 0, L_0x557157188540;  1 drivers
v0x557157169d30_0 .net "b", 0 0, L_0x5571571885e0;  1 drivers
v0x557157169df0_0 .net "out", 0 0, L_0x5571571884d0;  1 drivers
S_0x557157169f10 .scope generate, "genblk1[4]" "genblk1[4]" 3 11, 3 11 0, S_0x55715715cf20;
 .timescale 0 0;
P_0x55715716a130 .param/l "i" 0 3 11, +C4<0100>;
S_0x55715716a210 .scope module, "g_xor" "my_xor" 3 14, 4 1 0, S_0x557157169f10;
 .timescale 0 0;
    .port_info 0 /INPUT 1 "a"
    .port_info 1 /INPUT 1 "b"
    .port_info 2 /OUTPUT 1 "out"
L_0x557157188720 .functor XOR 1, L_0x5571571887c0, L_0x5571571888b0, C4<0>, C4<0>;
v0x55715716a450_0 .net "a", 0 0, L_0x5571571887c0;  1 drivers
v0x55715716a530_0 .net "b", 0 0, L_0x5571571888b0;  1 drivers
v0x55715716a5f0_0 .net "out", 0 0, L_0x557157188720;  1 drivers
S_0x55715716a710 .scope generate, "genblk1[5]" "genblk1[5]" 3 11, 3 11 0, S_0x55715715cf20;
 .timescale 0 0;
P_0x55715716a8e0 .param/l "i" 0 3 11, +C4<0101>;
S_0x55715716a9c0 .scope module, "g_xor" "my_xor" 3 14, 4 1 0, S_0x55715716a710;
 .timescale 0 0;
    .port_info 0 /INPUT 1 "a"
    .port_info 1 /INPUT 1 "b"
    .port_info 2 /OUTPUT 1 "out"
L_0x557157188a00 .functor XOR 1, L_0x557157188aa0, L_0x557157188b40, C4<0>, C4<0>;
v0x55715716ac00_0 .net "a", 0 0, L_0x557157188aa0;  1 drivers
v0x55715716ace0_0 .net "b", 0 0, L_0x557157188b40;  1 drivers
v0x55715716ada0_0 .net "out", 0 0, L_0x557157188a00;  1 drivers
S_0x55715716aef0 .scope generate, "genblk1[6]" "genblk1[6]" 3 11, 3 11 0, S_0x55715715cf20;
 .timescale 0 0;
P_0x55715716b0c0 .param/l "i" 0 3 11, +C4<0110>;
S_0x55715716b1a0 .scope module, "g_xor" "my_xor" 3 14, 4 1 0, S_0x55715716aef0;
 .timescale 0 0;
    .port_info 0 /INPUT 1 "a"
    .port_info 1 /INPUT 1 "b"
    .port_info 2 /OUTPUT 1 "out"
L_0x557157188ca0 .functor XOR 1, L_0x557157188d40, L_0x557157188e30, C4<0>, C4<0>;
v0x55715716b3e0_0 .net "a", 0 0, L_0x557157188d40;  1 drivers
v0x55715716b4c0_0 .net "b", 0 0, L_0x557157188e30;  1 drivers
v0x55715716b580_0 .net "out", 0 0, L_0x557157188ca0;  1 drivers
S_0x55715716b6d0 .scope generate, "genblk1[7]" "genblk1[7]" 3 11, 3 11 0, S_0x55715715cf20;
 .timescale 0 0;
P_0x55715716b8a0 .param/l "i" 0 3 11, +C4<0111>;
S_0x55715716b980 .scope module, "g_xor" "my_xor" 3 14, 4 1 0, S_0x55715716b6d0;
 .timescale 0 0;
    .port_info 0 /INPUT 1 "a"
    .port_info 1 /INPUT 1 "b"
    .port_info 2 /OUTPUT 1 "out"
L_0x557157188c30 .functor XOR 1, L_0x5571571890e0, L_0x5571571891d0, C4<0>, C4<0>;
v0x55715716bbc0_0 .net "a", 0 0, L_0x5571571890e0;  1 drivers
v0x55715716bca0_0 .net "b", 0 0, L_0x5571571891d0;  1 drivers
v0x55715716bd60_0 .net "out", 0 0, L_0x557157188c30;  1 drivers
S_0x55715716beb0 .scope generate, "genblk1[8]" "genblk1[8]" 3 11, 3 11 0, S_0x55715715cf20;
 .timescale 0 0;
P_0x55715716a0e0 .param/l "i" 0 3 11, +C4<01000>;
S_0x55715716c110 .scope module, "g_xor" "my_xor" 3 14, 4 1 0, S_0x55715716beb0;
 .timescale 0 0;
    .port_info 0 /INPUT 1 "a"
    .port_info 1 /INPUT 1 "b"
    .port_info 2 /OUTPUT 1 "out"
L_0x557157189350 .functor XOR 1, L_0x5571571893f0, L_0x5571571894e0, C4<0>, C4<0>;
v0x55715716c350_0 .net "a", 0 0, L_0x5571571893f0;  1 drivers
v0x55715716c430_0 .net "b", 0 0, L_0x5571571894e0;  1 drivers
v0x55715716c4f0_0 .net "out", 0 0, L_0x557157189350;  1 drivers
S_0x55715716c640 .scope generate, "genblk1[9]" "genblk1[9]" 3 11, 3 11 0, S_0x55715715cf20;
 .timescale 0 0;
P_0x55715716c810 .param/l "i" 0 3 11, +C4<01001>;
S_0x55715716c8f0 .scope module, "g_xor" "my_xor" 3 14, 4 1 0, S_0x55715716c640;
 .timescale 0 0;
    .port_info 0 /INPUT 1 "a"
    .port_info 1 /INPUT 1 "b"
    .port_info 2 /OUTPUT 1 "out"
L_0x557157189670 .functor XOR 1, L_0x557157189710, L_0x557157189800, C4<0>, C4<0>;
v0x55715716cb30_0 .net "a", 0 0, L_0x557157189710;  1 drivers
v0x55715716cc10_0 .net "b", 0 0, L_0x557157189800;  1 drivers
v0x55715716ccd0_0 .net "out", 0 0, L_0x557157189670;  1 drivers
S_0x55715716ce20 .scope generate, "genblk1[10]" "genblk1[10]" 3 11, 3 11 0, S_0x55715715cf20;
 .timescale 0 0;
P_0x55715716cff0 .param/l "i" 0 3 11, +C4<01010>;
S_0x55715716d0d0 .scope module, "g_xor" "my_xor" 3 14, 4 1 0, S_0x55715716ce20;
 .timescale 0 0;
    .port_info 0 /INPUT 1 "a"
    .port_info 1 /INPUT 1 "b"
    .port_info 2 /OUTPUT 1 "out"
L_0x5571571899a0 .functor XOR 1, L_0x5571571895d0, L_0x557157189a90, C4<0>, C4<0>;
v0x55715716d310_0 .net "a", 0 0, L_0x5571571895d0;  1 drivers
v0x55715716d3f0_0 .net "b", 0 0, L_0x557157189a90;  1 drivers
v0x55715716d4b0_0 .net "out", 0 0, L_0x5571571899a0;  1 drivers
S_0x55715716d600 .scope generate, "genblk1[11]" "genblk1[11]" 3 11, 3 11 0, S_0x55715715cf20;
 .timescale 0 0;
P_0x55715716d7d0 .param/l "i" 0 3 11, +C4<01011>;
S_0x55715716d8b0 .scope module, "g_xor" "my_xor" 3 14, 4 1 0, S_0x55715716d600;
 .timescale 0 0;
    .port_info 0 /INPUT 1 "a"
    .port_info 1 /INPUT 1 "b"
    .port_info 2 /OUTPUT 1 "out"
L_0x557157189c40 .functor XOR 1, L_0x557157189ce0, L_0x557157189dd0, C4<0>, C4<0>;
v0x55715716daf0_0 .net "a", 0 0, L_0x557157189ce0;  1 drivers
v0x55715716dbd0_0 .net "b", 0 0, L_0x557157189dd0;  1 drivers
v0x55715716dc90_0 .net "out", 0 0, L_0x557157189c40;  1 drivers
S_0x55715716dde0 .scope generate, "genblk1[12]" "genblk1[12]" 3 11, 3 11 0, S_0x55715715cf20;
 .timescale 0 0;
P_0x55715716dfb0 .param/l "i" 0 3 11, +C4<01100>;
S_0x55715716e090 .scope module, "g_xor" "my_xor" 3 14, 4 1 0, S_0x55715716dde0;
 .timescale 0 0;
    .port_info 0 /INPUT 1 "a"
    .port_info 1 /INPUT 1 "b"
    .port_info 2 /OUTPUT 1 "out"
L_0x557157189f90 .functor XOR 1, L_0x55715718a030, L_0x55715718a120, C4<0>, C4<0>;
v0x55715716e2d0_0 .net "a", 0 0, L_0x55715718a030;  1 drivers
v0x55715716e3b0_0 .net "b", 0 0, L_0x55715718a120;  1 drivers
v0x55715716e470_0 .net "out", 0 0, L_0x557157189f90;  1 drivers
S_0x55715716e5c0 .scope generate, "genblk1[13]" "genblk1[13]" 3 11, 3 11 0, S_0x55715715cf20;
 .timescale 0 0;
P_0x55715716e790 .param/l "i" 0 3 11, +C4<01101>;
S_0x55715716e870 .scope module, "g_xor" "my_xor" 3 14, 4 1 0, S_0x55715716e5c0;
 .timescale 0 0;
    .port_info 0 /INPUT 1 "a"
    .port_info 1 /INPUT 1 "b"
    .port_info 2 /OUTPUT 1 "out"
L_0x55715718a2f0 .functor XOR 1, L_0x55715718a390, L_0x55715718a480, C4<0>, C4<0>;
v0x55715716eab0_0 .net "a", 0 0, L_0x55715718a390;  1 drivers
v0x55715716eb90_0 .net "b", 0 0, L_0x55715718a480;  1 drivers
v0x55715716ec50_0 .net "out", 0 0, L_0x55715718a2f0;  1 drivers
S_0x55715716eda0 .scope generate, "genblk1[14]" "genblk1[14]" 3 11, 3 11 0, S_0x55715715cf20;
 .timescale 0 0;
P_0x55715716ef70 .param/l "i" 0 3 11, +C4<01110>;
S_0x55715716f050 .scope module, "g_xor" "my_xor" 3 14, 4 1 0, S_0x55715716eda0;
 .timescale 0 0;
    .port_info 0 /INPUT 1 "a"
    .port_info 1 /INPUT 1 "b"
    .port_info 2 /OUTPUT 1 "out"
L_0x55715718a660 .functor XOR 1, L_0x55715718a700, L_0x55715718aa00, C4<0>, C4<0>;
v0x55715716f290_0 .net "a", 0 0, L_0x55715718a700;  1 drivers
v0x55715716f370_0 .net "b", 0 0, L_0x55715718aa00;  1 drivers
v0x55715716f430_0 .net "out", 0 0, L_0x55715718a660;  1 drivers
S_0x55715716f580 .scope generate, "genblk1[15]" "genblk1[15]" 3 11, 3 11 0, S_0x55715715cf20;
 .timescale 0 0;
P_0x55715716f750 .param/l "i" 0 3 11, +C4<01111>;
S_0x55715716f830 .scope module, "g_xor" "my_xor" 3 14, 4 1 0, S_0x55715716f580;
 .timescale 0 0;
    .port_info 0 /INPUT 1 "a"
    .port_info 1 /INPUT 1 "b"
    .port_info 2 /OUTPUT 1 "out"
L_0x55715718ae00 .functor XOR 1, L_0x55715718aea0, L_0x55715718af90, C4<0>, C4<0>;
v0x55715716fa70_0 .net "a", 0 0, L_0x55715718aea0;  1 drivers
v0x55715716fb50_0 .net "b", 0 0, L_0x55715718af90;  1 drivers
v0x55715716fc10_0 .net "out", 0 0, L_0x55715718ae00;  1 drivers
S_0x55715716fd60 .scope generate, "genblk1[16]" "genblk1[16]" 3 11, 3 11 0, S_0x55715715cf20;
 .timescale 0 0;
P_0x55715716ff30 .param/l "i" 0 3 11, +C4<010000>;
S_0x557157170010 .scope module, "g_xor" "my_xor" 3 14, 4 1 0, S_0x55715716fd60;
 .timescale 0 0;
    .port_info 0 /INPUT 1 "a"
    .port_info 1 /INPUT 1 "b"
    .port_info 2 /OUTPUT 1 "out"
L_0x55715718b190 .functor XOR 1, L_0x55715718b230, L_0x55715718b320, C4<0>, C4<0>;
v0x557157170250_0 .net "a", 0 0, L_0x55715718b230;  1 drivers
v0x557157170330_0 .net "b", 0 0, L_0x55715718b320;  1 drivers
v0x5571571703f0_0 .net "out", 0 0, L_0x55715718b190;  1 drivers
S_0x557157170540 .scope generate, "genblk1[17]" "genblk1[17]" 3 11, 3 11 0, S_0x55715715cf20;
 .timescale 0 0;
P_0x557157170710 .param/l "i" 0 3 11, +C4<010001>;
S_0x5571571707f0 .scope module, "g_xor" "my_xor" 3 14, 4 1 0, S_0x557157170540;
 .timescale 0 0;
    .port_info 0 /INPUT 1 "a"
    .port_info 1 /INPUT 1 "b"
    .port_info 2 /OUTPUT 1 "out"
L_0x55715718b530 .functor XOR 1, L_0x55715718b5d0, L_0x55715718b6c0, C4<0>, C4<0>;
v0x557157170a30_0 .net "a", 0 0, L_0x55715718b5d0;  1 drivers
v0x557157170b10_0 .net "b", 0 0, L_0x55715718b6c0;  1 drivers
v0x557157170bd0_0 .net "out", 0 0, L_0x55715718b530;  1 drivers
S_0x557157170d20 .scope generate, "genblk1[18]" "genblk1[18]" 3 11, 3 11 0, S_0x55715715cf20;
 .timescale 0 0;
P_0x557157170ef0 .param/l "i" 0 3 11, +C4<010010>;
S_0x557157170fd0 .scope module, "g_xor" "my_xor" 3 14, 4 1 0, S_0x557157170d20;
 .timescale 0 0;
    .port_info 0 /INPUT 1 "a"
    .port_info 1 /INPUT 1 "b"
    .port_info 2 /OUTPUT 1 "out"
L_0x55715718b410 .functor XOR 1, L_0x55715718b8e0, L_0x55715718b980, C4<0>, C4<0>;
v0x557157171210_0 .net "a", 0 0, L_0x55715718b8e0;  1 drivers
v0x5571571712f0_0 .net "b", 0 0, L_0x55715718b980;  1 drivers
v0x5571571713b0_0 .net "out", 0 0, L_0x55715718b410;  1 drivers
S_0x557157171500 .scope generate, "genblk1[19]" "genblk1[19]" 3 11, 3 11 0, S_0x55715715cf20;
 .timescale 0 0;
P_0x5571571716d0 .param/l "i" 0 3 11, +C4<010011>;
S_0x5571571717b0 .scope module, "g_xor" "my_xor" 3 14, 4 1 0, S_0x557157171500;
 .timescale 0 0;
    .port_info 0 /INPUT 1 "a"
    .port_info 1 /INPUT 1 "b"
    .port_info 2 /OUTPUT 1 "out"
L_0x55715718bbb0 .functor XOR 1, L_0x55715718bc20, L_0x55715718bd10, C4<0>, C4<0>;
v0x5571571719f0_0 .net "a", 0 0, L_0x55715718bc20;  1 drivers
v0x557157171ad0_0 .net "b", 0 0, L_0x55715718bd10;  1 drivers
v0x557157171b90_0 .net "out", 0 0, L_0x55715718bbb0;  1 drivers
S_0x557157171ce0 .scope generate, "genblk1[20]" "genblk1[20]" 3 11, 3 11 0, S_0x55715715cf20;
 .timescale 0 0;
P_0x557157171eb0 .param/l "i" 0 3 11, +C4<010100>;
S_0x557157171f90 .scope module, "g_xor" "my_xor" 3 14, 4 1 0, S_0x557157171ce0;
 .timescale 0 0;
    .port_info 0 /INPUT 1 "a"
    .port_info 1 /INPUT 1 "b"
    .port_info 2 /OUTPUT 1 "out"
L_0x55715718bf50 .functor XOR 1, L_0x55715718bff0, L_0x55715718c0e0, C4<0>, C4<0>;
v0x5571571721d0_0 .net "a", 0 0, L_0x55715718bff0;  1 drivers
v0x5571571722b0_0 .net "b", 0 0, L_0x55715718c0e0;  1 drivers
v0x557157172370_0 .net "out", 0 0, L_0x55715718bf50;  1 drivers
S_0x5571571724c0 .scope generate, "genblk1[21]" "genblk1[21]" 3 11, 3 11 0, S_0x55715715cf20;
 .timescale 0 0;
P_0x557157172690 .param/l "i" 0 3 11, +C4<010101>;
S_0x557157172770 .scope module, "g_xor" "my_xor" 3 14, 4 1 0, S_0x5571571724c0;
 .timescale 0 0;
    .port_info 0 /INPUT 1 "a"
    .port_info 1 /INPUT 1 "b"
    .port_info 2 /OUTPUT 1 "out"
L_0x55715718c330 .functor XOR 1, L_0x55715718c3d0, L_0x55715718c4c0, C4<0>, C4<0>;
v0x5571571729b0_0 .net "a", 0 0, L_0x55715718c3d0;  1 drivers
v0x557157172a90_0 .net "b", 0 0, L_0x55715718c4c0;  1 drivers
v0x557157172b50_0 .net "out", 0 0, L_0x55715718c330;  1 drivers
S_0x557157172ca0 .scope generate, "genblk1[22]" "genblk1[22]" 3 11, 3 11 0, S_0x55715715cf20;
 .timescale 0 0;
P_0x557157172e70 .param/l "i" 0 3 11, +C4<010110>;
S_0x557157172f50 .scope module, "g_xor" "my_xor" 3 14, 4 1 0, S_0x557157172ca0;
 .timescale 0 0;
    .port_info 0 /INPUT 1 "a"
    .port_info 1 /INPUT 1 "b"
    .port_info 2 /OUTPUT 1 "out"
L_0x55715718c720 .functor XOR 1, L_0x55715718c7c0, L_0x55715718c8b0, C4<0>, C4<0>;
v0x557157173190_0 .net "a", 0 0, L_0x55715718c7c0;  1 drivers
v0x557157173270_0 .net "b", 0 0, L_0x55715718c8b0;  1 drivers
v0x557157173330_0 .net "out", 0 0, L_0x55715718c720;  1 drivers
S_0x557157173480 .scope generate, "genblk1[23]" "genblk1[23]" 3 11, 3 11 0, S_0x55715715cf20;
 .timescale 0 0;
P_0x557157173650 .param/l "i" 0 3 11, +C4<010111>;
S_0x557157173730 .scope module, "g_xor" "my_xor" 3 14, 4 1 0, S_0x557157173480;
 .timescale 0 0;
    .port_info 0 /INPUT 1 "a"
    .port_info 1 /INPUT 1 "b"
    .port_info 2 /OUTPUT 1 "out"
L_0x55715718cb20 .functor XOR 1, L_0x55715718cbc0, L_0x55715718ccb0, C4<0>, C4<0>;
v0x557157173970_0 .net "a", 0 0, L_0x55715718cbc0;  1 drivers
v0x557157173a50_0 .net "b", 0 0, L_0x55715718ccb0;  1 drivers
v0x557157173b10_0 .net "out", 0 0, L_0x55715718cb20;  1 drivers
S_0x557157173c60 .scope generate, "genblk1[24]" "genblk1[24]" 3 11, 3 11 0, S_0x55715715cf20;
 .timescale 0 0;
P_0x557157173e30 .param/l "i" 0 3 11, +C4<011000>;
S_0x557157173f10 .scope module, "g_xor" "my_xor" 3 14, 4 1 0, S_0x557157173c60;
 .timescale 0 0;
    .port_info 0 /INPUT 1 "a"
    .port_info 1 /INPUT 1 "b"
    .port_info 2 /OUTPUT 1 "out"
L_0x55715718cf30 .functor XOR 1, L_0x55715718cfd0, L_0x55715718d0c0, C4<0>, C4<0>;
v0x557157174150_0 .net "a", 0 0, L_0x55715718cfd0;  1 drivers
v0x557157174230_0 .net "b", 0 0, L_0x55715718d0c0;  1 drivers
v0x5571571742f0_0 .net "out", 0 0, L_0x55715718cf30;  1 drivers
S_0x557157174440 .scope generate, "genblk1[25]" "genblk1[25]" 3 11, 3 11 0, S_0x55715715cf20;
 .timescale 0 0;
P_0x557157174610 .param/l "i" 0 3 11, +C4<011001>;
S_0x5571571746f0 .scope module, "g_xor" "my_xor" 3 14, 4 1 0, S_0x557157174440;
 .timescale 0 0;
    .port_info 0 /INPUT 1 "a"
    .port_info 1 /INPUT 1 "b"
    .port_info 2 /OUTPUT 1 "out"
L_0x55715718d350 .functor XOR 1, L_0x55715718d3f0, L_0x55715718d4e0, C4<0>, C4<0>;
v0x557157174930_0 .net "a", 0 0, L_0x55715718d3f0;  1 drivers
v0x557157174a10_0 .net "b", 0 0, L_0x55715718d4e0;  1 drivers
v0x557157174ad0_0 .net "out", 0 0, L_0x55715718d350;  1 drivers
S_0x557157174c20 .scope generate, "genblk1[26]" "genblk1[26]" 3 11, 3 11 0, S_0x55715715cf20;
 .timescale 0 0;
P_0x557157174df0 .param/l "i" 0 3 11, +C4<011010>;
S_0x557157174ed0 .scope module, "g_xor" "my_xor" 3 14, 4 1 0, S_0x557157174c20;
 .timescale 0 0;
    .port_info 0 /INPUT 1 "a"
    .port_info 1 /INPUT 1 "b"
    .port_info 2 /OUTPUT 1 "out"
L_0x55715718d780 .functor XOR 1, L_0x55715718d820, L_0x55715718d910, C4<0>, C4<0>;
v0x557157175110_0 .net "a", 0 0, L_0x55715718d820;  1 drivers
v0x5571571751f0_0 .net "b", 0 0, L_0x55715718d910;  1 drivers
v0x5571571752b0_0 .net "out", 0 0, L_0x55715718d780;  1 drivers
S_0x557157175400 .scope generate, "genblk1[27]" "genblk1[27]" 3 11, 3 11 0, S_0x55715715cf20;
 .timescale 0 0;
P_0x5571571755d0 .param/l "i" 0 3 11, +C4<011011>;
S_0x5571571756b0 .scope module, "g_xor" "my_xor" 3 14, 4 1 0, S_0x557157175400;
 .timescale 0 0;
    .port_info 0 /INPUT 1 "a"
    .port_info 1 /INPUT 1 "b"
    .port_info 2 /OUTPUT 1 "out"
L_0x55715718dbc0 .functor XOR 1, L_0x55715718dc60, L_0x55715718dd50, C4<0>, C4<0>;
v0x5571571758f0_0 .net "a", 0 0, L_0x55715718dc60;  1 drivers
v0x5571571759d0_0 .net "b", 0 0, L_0x55715718dd50;  1 drivers
v0x557157175a90_0 .net "out", 0 0, L_0x55715718dbc0;  1 drivers
S_0x557157175be0 .scope generate, "genblk1[28]" "genblk1[28]" 3 11, 3 11 0, S_0x55715715cf20;
 .timescale 0 0;
P_0x557157175db0 .param/l "i" 0 3 11, +C4<011100>;
S_0x557157175e90 .scope module, "g_xor" "my_xor" 3 14, 4 1 0, S_0x557157175be0;
 .timescale 0 0;
    .port_info 0 /INPUT 1 "a"
    .port_info 1 /INPUT 1 "b"
    .port_info 2 /OUTPUT 1 "out"
L_0x55715718e010 .functor XOR 1, L_0x55715718e0b0, L_0x55715718e1a0, C4<0>, C4<0>;
v0x5571571760d0_0 .net "a", 0 0, L_0x55715718e0b0;  1 drivers
v0x5571571761b0_0 .net "b", 0 0, L_0x55715718e1a0;  1 drivers
v0x557157176270_0 .net "out", 0 0, L_0x55715718e010;  1 drivers
S_0x5571571763c0 .scope generate, "genblk1[29]" "genblk1[29]" 3 11, 3 11 0, S_0x55715715cf20;
 .timescale 0 0;
P_0x557157176590 .param/l "i" 0 3 11, +C4<011101>;
S_0x557157176670 .scope module, "g_xor" "my_xor" 3 14, 4 1 0, S_0x5571571763c0;
 .timescale 0 0;
    .port_info 0 /INPUT 1 "a"
    .port_info 1 /INPUT 1 "b"
    .port_info 2 /OUTPUT 1 "out"
L_0x55715718e470 .functor XOR 1, L_0x55715718e510, L_0x55715718e600, C4<0>, C4<0>;
v0x5571571768b0_0 .net "a", 0 0, L_0x55715718e510;  1 drivers
v0x557157176990_0 .net "b", 0 0, L_0x55715718e600;  1 drivers
v0x557157176a50_0 .net "out", 0 0, L_0x55715718e470;  1 drivers
S_0x557157176ba0 .scope generate, "genblk1[30]" "genblk1[30]" 3 11, 3 11 0, S_0x55715715cf20;
 .timescale 0 0;
P_0x557157176d70 .param/l "i" 0 3 11, +C4<011110>;
S_0x557157176e50 .scope module, "g_xor" "my_xor" 3 14, 4 1 0, S_0x557157176ba0;
 .timescale 0 0;
    .port_info 0 /INPUT 1 "a"
    .port_info 1 /INPUT 1 "b"
    .port_info 2 /OUTPUT 1 "out"
L_0x55715718e8e0 .functor XOR 1, L_0x55715718e980, L_0x55715718ee80, C4<0>, C4<0>;
v0x557157177090_0 .net "a", 0 0, L_0x55715718e980;  1 drivers
v0x557157177170_0 .net "b", 0 0, L_0x55715718ee80;  1 drivers
v0x557157177230_0 .net "out", 0 0, L_0x55715718e8e0;  1 drivers
S_0x557157177380 .scope generate, "genblk1[31]" "genblk1[31]" 3 11, 3 11 0, S_0x55715715cf20;
 .timescale 0 0;
P_0x557157177550 .param/l "i" 0 3 11, +C4<011111>;
S_0x557157177630 .scope module, "g_xor" "my_xor" 3 14, 4 1 0, S_0x557157177380;
 .timescale 0 0;
    .port_info 0 /INPUT 1 "a"
    .port_info 1 /INPUT 1 "b"
    .port_info 2 /OUTPUT 1 "out"
L_0x55715718f580 .functor XOR 1, L_0x55715718f620, L_0x55715718f710, C4<0>, C4<0>;
v0x557157177870_0 .net "a", 0 0, L_0x55715718f620;  1 drivers
v0x557157177950_0 .net "b", 0 0, L_0x55715718f710;  1 drivers
v0x557157177a10_0 .net "out", 0 0, L_0x55715718f580;  1 drivers
S_0x557157177b60 .scope generate, "genblk1[32]" "genblk1[32]" 3 11, 3 11 0, S_0x55715715cf20;
 .timescale 0 0;
P_0x557157177d30 .param/l "i" 0 3 11, +C4<0100000>;
S_0x557157177e20 .scope module, "g_xor" "my_xor" 3 14, 4 1 0, S_0x557157177b60;
 .timescale 0 0;
    .port_info 0 /INPUT 1 "a"
    .port_info 1 /INPUT 1 "b"
    .port_info 2 /OUTPUT 1 "out"
L_0x55715718fa10 .functor XOR 1, L_0x55715718fab0, L_0x55715718fba0, C4<0>, C4<0>;
v0x557157178080_0 .net "a", 0 0, L_0x55715718fab0;  1 drivers
v0x557157178160_0 .net "b", 0 0, L_0x55715718fba0;  1 drivers
v0x557157178220_0 .net "out", 0 0, L_0x55715718fa10;  1 drivers
S_0x557157178340 .scope generate, "genblk1[33]" "genblk1[33]" 3 11, 3 11 0, S_0x55715715cf20;
 .timescale 0 0;
P_0x557157178510 .param/l "i" 0 3 11, +C4<0100001>;
S_0x557157178600 .scope module, "g_xor" "my_xor" 3 14, 4 1 0, S_0x557157178340;
 .timescale 0 0;
    .port_info 0 /INPUT 1 "a"
    .port_info 1 /INPUT 1 "b"
    .port_info 2 /OUTPUT 1 "out"
L_0x55715718feb0 .functor XOR 1, L_0x55715718ff50, L_0x557157190040, C4<0>, C4<0>;
v0x557157178860_0 .net "a", 0 0, L_0x55715718ff50;  1 drivers
v0x557157178940_0 .net "b", 0 0, L_0x557157190040;  1 drivers
v0x557157178a00_0 .net "out", 0 0, L_0x55715718feb0;  1 drivers
S_0x557157178b20 .scope generate, "genblk1[34]" "genblk1[34]" 3 11, 3 11 0, S_0x55715715cf20;
 .timescale 0 0;
P_0x557157178cf0 .param/l "i" 0 3 11, +C4<0100010>;
S_0x557157178de0 .scope module, "g_xor" "my_xor" 3 14, 4 1 0, S_0x557157178b20;
 .timescale 0 0;
    .port_info 0 /INPUT 1 "a"
    .port_info 1 /INPUT 1 "b"
    .port_info 2 /OUTPUT 1 "out"
L_0x557157190360 .functor XOR 1, L_0x557157190400, L_0x5571571904f0, C4<0>, C4<0>;
v0x557157179040_0 .net "a", 0 0, L_0x557157190400;  1 drivers
v0x557157179120_0 .net "b", 0 0, L_0x5571571904f0;  1 drivers
v0x5571571791e0_0 .net "out", 0 0, L_0x557157190360;  1 drivers
S_0x557157179300 .scope generate, "genblk1[35]" "genblk1[35]" 3 11, 3 11 0, S_0x55715715cf20;
 .timescale 0 0;
P_0x5571571794d0 .param/l "i" 0 3 11, +C4<0100011>;
S_0x5571571795c0 .scope module, "g_xor" "my_xor" 3 14, 4 1 0, S_0x557157179300;
 .timescale 0 0;
    .port_info 0 /INPUT 1 "a"
    .port_info 1 /INPUT 1 "b"
    .port_info 2 /OUTPUT 1 "out"
L_0x557157190820 .functor XOR 1, L_0x5571571908c0, L_0x5571571909b0, C4<0>, C4<0>;
v0x557157179820_0 .net "a", 0 0, L_0x5571571908c0;  1 drivers
v0x557157179900_0 .net "b", 0 0, L_0x5571571909b0;  1 drivers
v0x5571571799c0_0 .net "out", 0 0, L_0x557157190820;  1 drivers
S_0x557157179ae0 .scope generate, "genblk1[36]" "genblk1[36]" 3 11, 3 11 0, S_0x55715715cf20;
 .timescale 0 0;
P_0x557157179cb0 .param/l "i" 0 3 11, +C4<0100100>;
S_0x557157179da0 .scope module, "g_xor" "my_xor" 3 14, 4 1 0, S_0x557157179ae0;
 .timescale 0 0;
    .port_info 0 /INPUT 1 "a"
    .port_info 1 /INPUT 1 "b"
    .port_info 2 /OUTPUT 1 "out"
L_0x557157190cf0 .functor XOR 1, L_0x557157190d90, L_0x557157190e80, C4<0>, C4<0>;
v0x55715717a000_0 .net "a", 0 0, L_0x557157190d90;  1 drivers
v0x55715717a0e0_0 .net "b", 0 0, L_0x557157190e80;  1 drivers
v0x55715717a1a0_0 .net "out", 0 0, L_0x557157190cf0;  1 drivers
S_0x55715717a2c0 .scope generate, "genblk1[37]" "genblk1[37]" 3 11, 3 11 0, S_0x55715715cf20;
 .timescale 0 0;
P_0x55715717a490 .param/l "i" 0 3 11, +C4<0100101>;
S_0x55715717a580 .scope module, "g_xor" "my_xor" 3 14, 4 1 0, S_0x55715717a2c0;
 .timescale 0 0;
    .port_info 0 /INPUT 1 "a"
    .port_info 1 /INPUT 1 "b"
    .port_info 2 /OUTPUT 1 "out"
L_0x5571571911d0 .functor XOR 1, L_0x557157191270, L_0x557157191360, C4<0>, C4<0>;
v0x55715717a7e0_0 .net "a", 0 0, L_0x557157191270;  1 drivers
v0x55715717a8c0_0 .net "b", 0 0, L_0x557157191360;  1 drivers
v0x55715717a980_0 .net "out", 0 0, L_0x5571571911d0;  1 drivers
S_0x55715717aaa0 .scope generate, "genblk1[38]" "genblk1[38]" 3 11, 3 11 0, S_0x55715715cf20;
 .timescale 0 0;
P_0x55715717ac70 .param/l "i" 0 3 11, +C4<0100110>;
S_0x55715717ad60 .scope module, "g_xor" "my_xor" 3 14, 4 1 0, S_0x55715717aaa0;
 .timescale 0 0;
    .port_info 0 /INPUT 1 "a"
    .port_info 1 /INPUT 1 "b"
    .port_info 2 /OUTPUT 1 "out"
L_0x5571571916c0 .functor XOR 1, L_0x557157191760, L_0x557157191850, C4<0>, C4<0>;
v0x55715717afc0_0 .net "a", 0 0, L_0x557157191760;  1 drivers
v0x55715717b0a0_0 .net "b", 0 0, L_0x557157191850;  1 drivers
v0x55715717b160_0 .net "out", 0 0, L_0x5571571916c0;  1 drivers
S_0x55715717b280 .scope generate, "genblk1[39]" "genblk1[39]" 3 11, 3 11 0, S_0x55715715cf20;
 .timescale 0 0;
P_0x55715717b450 .param/l "i" 0 3 11, +C4<0100111>;
S_0x55715717b540 .scope module, "g_xor" "my_xor" 3 14, 4 1 0, S_0x55715717b280;
 .timescale 0 0;
    .port_info 0 /INPUT 1 "a"
    .port_info 1 /INPUT 1 "b"
    .port_info 2 /OUTPUT 1 "out"
L_0x557157191bc0 .functor XOR 1, L_0x557157191c60, L_0x557157191d50, C4<0>, C4<0>;
v0x55715717b7a0_0 .net "a", 0 0, L_0x557157191c60;  1 drivers
v0x55715717b880_0 .net "b", 0 0, L_0x557157191d50;  1 drivers
v0x55715717b940_0 .net "out", 0 0, L_0x557157191bc0;  1 drivers
S_0x55715717ba60 .scope generate, "genblk1[40]" "genblk1[40]" 3 11, 3 11 0, S_0x55715715cf20;
 .timescale 0 0;
P_0x55715717bc30 .param/l "i" 0 3 11, +C4<0101000>;
S_0x55715717bd20 .scope module, "g_xor" "my_xor" 3 14, 4 1 0, S_0x55715717ba60;
 .timescale 0 0;
    .port_info 0 /INPUT 1 "a"
    .port_info 1 /INPUT 1 "b"
    .port_info 2 /OUTPUT 1 "out"
L_0x5571571920d0 .functor XOR 1, L_0x557157192170, L_0x557157192260, C4<0>, C4<0>;
v0x55715717bf80_0 .net "a", 0 0, L_0x557157192170;  1 drivers
v0x55715717c060_0 .net "b", 0 0, L_0x557157192260;  1 drivers
v0x55715717c120_0 .net "out", 0 0, L_0x5571571920d0;  1 drivers
S_0x55715717c240 .scope generate, "genblk1[41]" "genblk1[41]" 3 11, 3 11 0, S_0x55715715cf20;
 .timescale 0 0;
P_0x55715717c410 .param/l "i" 0 3 11, +C4<0101001>;
S_0x55715717c500 .scope module, "g_xor" "my_xor" 3 14, 4 1 0, S_0x55715717c240;
 .timescale 0 0;
    .port_info 0 /INPUT 1 "a"
    .port_info 1 /INPUT 1 "b"
    .port_info 2 /OUTPUT 1 "out"
L_0x5571571925f0 .functor XOR 1, L_0x557157192690, L_0x557157192780, C4<0>, C4<0>;
v0x55715717c760_0 .net "a", 0 0, L_0x557157192690;  1 drivers
v0x55715717c840_0 .net "b", 0 0, L_0x557157192780;  1 drivers
v0x55715717c900_0 .net "out", 0 0, L_0x5571571925f0;  1 drivers
S_0x55715717ca20 .scope generate, "genblk1[42]" "genblk1[42]" 3 11, 3 11 0, S_0x55715715cf20;
 .timescale 0 0;
P_0x55715717cbf0 .param/l "i" 0 3 11, +C4<0101010>;
S_0x55715717cce0 .scope module, "g_xor" "my_xor" 3 14, 4 1 0, S_0x55715717ca20;
 .timescale 0 0;
    .port_info 0 /INPUT 1 "a"
    .port_info 1 /INPUT 1 "b"
    .port_info 2 /OUTPUT 1 "out"
L_0x557157192b20 .functor XOR 1, L_0x557157192bc0, L_0x557157192cb0, C4<0>, C4<0>;
v0x55715717cf40_0 .net "a", 0 0, L_0x557157192bc0;  1 drivers
v0x55715717d020_0 .net "b", 0 0, L_0x557157192cb0;  1 drivers
v0x55715717d0e0_0 .net "out", 0 0, L_0x557157192b20;  1 drivers
S_0x55715717d200 .scope generate, "genblk1[43]" "genblk1[43]" 3 11, 3 11 0, S_0x55715715cf20;
 .timescale 0 0;
P_0x55715717d3d0 .param/l "i" 0 3 11, +C4<0101011>;
S_0x55715717d4c0 .scope module, "g_xor" "my_xor" 3 14, 4 1 0, S_0x55715717d200;
 .timescale 0 0;
    .port_info 0 /INPUT 1 "a"
    .port_info 1 /INPUT 1 "b"
    .port_info 2 /OUTPUT 1 "out"
L_0x557157193060 .functor XOR 1, L_0x557157193100, L_0x5571571931f0, C4<0>, C4<0>;
v0x55715717d720_0 .net "a", 0 0, L_0x557157193100;  1 drivers
v0x55715717d800_0 .net "b", 0 0, L_0x5571571931f0;  1 drivers
v0x55715717d8c0_0 .net "out", 0 0, L_0x557157193060;  1 drivers
S_0x55715717d9e0 .scope generate, "genblk1[44]" "genblk1[44]" 3 11, 3 11 0, S_0x55715715cf20;
 .timescale 0 0;
P_0x55715717dbb0 .param/l "i" 0 3 11, +C4<0101100>;
S_0x55715717dca0 .scope module, "g_xor" "my_xor" 3 14, 4 1 0, S_0x55715717d9e0;
 .timescale 0 0;
    .port_info 0 /INPUT 1 "a"
    .port_info 1 /INPUT 1 "b"
    .port_info 2 /OUTPUT 1 "out"
L_0x5571571935b0 .functor XOR 1, L_0x557157193650, L_0x557157193740, C4<0>, C4<0>;
v0x55715717df00_0 .net "a", 0 0, L_0x557157193650;  1 drivers
v0x55715717dfe0_0 .net "b", 0 0, L_0x557157193740;  1 drivers
v0x55715717e0a0_0 .net "out", 0 0, L_0x5571571935b0;  1 drivers
S_0x55715717e1c0 .scope generate, "genblk1[45]" "genblk1[45]" 3 11, 3 11 0, S_0x55715715cf20;
 .timescale 0 0;
P_0x55715717e390 .param/l "i" 0 3 11, +C4<0101101>;
S_0x55715717e480 .scope module, "g_xor" "my_xor" 3 14, 4 1 0, S_0x55715717e1c0;
 .timescale 0 0;
    .port_info 0 /INPUT 1 "a"
    .port_info 1 /INPUT 1 "b"
    .port_info 2 /OUTPUT 1 "out"
L_0x557157193b10 .functor XOR 1, L_0x557157193bb0, L_0x557157193ca0, C4<0>, C4<0>;
v0x55715717e6e0_0 .net "a", 0 0, L_0x557157193bb0;  1 drivers
v0x55715717e7c0_0 .net "b", 0 0, L_0x557157193ca0;  1 drivers
v0x55715717e880_0 .net "out", 0 0, L_0x557157193b10;  1 drivers
S_0x55715717e9a0 .scope generate, "genblk1[46]" "genblk1[46]" 3 11, 3 11 0, S_0x55715715cf20;
 .timescale 0 0;
P_0x55715717eb70 .param/l "i" 0 3 11, +C4<0101110>;
S_0x55715717ec60 .scope module, "g_xor" "my_xor" 3 14, 4 1 0, S_0x55715717e9a0;
 .timescale 0 0;
    .port_info 0 /INPUT 1 "a"
    .port_info 1 /INPUT 1 "b"
    .port_info 2 /OUTPUT 1 "out"
L_0x557157194080 .functor XOR 1, L_0x557157194120, L_0x557157194210, C4<0>, C4<0>;
v0x55715717eec0_0 .net "a", 0 0, L_0x557157194120;  1 drivers
v0x55715717efa0_0 .net "b", 0 0, L_0x557157194210;  1 drivers
v0x55715717f060_0 .net "out", 0 0, L_0x557157194080;  1 drivers
S_0x55715717f180 .scope generate, "genblk1[47]" "genblk1[47]" 3 11, 3 11 0, S_0x55715715cf20;
 .timescale 0 0;
P_0x55715717f350 .param/l "i" 0 3 11, +C4<0101111>;
S_0x55715717f440 .scope module, "g_xor" "my_xor" 3 14, 4 1 0, S_0x55715717f180;
 .timescale 0 0;
    .port_info 0 /INPUT 1 "a"
    .port_info 1 /INPUT 1 "b"
    .port_info 2 /OUTPUT 1 "out"
L_0x557157194600 .functor XOR 1, L_0x5571571946a0, L_0x557157194790, C4<0>, C4<0>;
v0x55715717f6a0_0 .net "a", 0 0, L_0x5571571946a0;  1 drivers
v0x55715717f780_0 .net "b", 0 0, L_0x557157194790;  1 drivers
v0x55715717f840_0 .net "out", 0 0, L_0x557157194600;  1 drivers
S_0x55715717f960 .scope generate, "genblk1[48]" "genblk1[48]" 3 11, 3 11 0, S_0x55715715cf20;
 .timescale 0 0;
P_0x55715717fb30 .param/l "i" 0 3 11, +C4<0110000>;
S_0x55715717fc20 .scope module, "g_xor" "my_xor" 3 14, 4 1 0, S_0x55715717f960;
 .timescale 0 0;
    .port_info 0 /INPUT 1 "a"
    .port_info 1 /INPUT 1 "b"
    .port_info 2 /OUTPUT 1 "out"
L_0x557157194b90 .functor XOR 1, L_0x557157194c30, L_0x557157194d20, C4<0>, C4<0>;
v0x55715717fe80_0 .net "a", 0 0, L_0x557157194c30;  1 drivers
v0x55715717ff60_0 .net "b", 0 0, L_0x557157194d20;  1 drivers
v0x557157180020_0 .net "out", 0 0, L_0x557157194b90;  1 drivers
S_0x557157180140 .scope generate, "genblk1[49]" "genblk1[49]" 3 11, 3 11 0, S_0x55715715cf20;
 .timescale 0 0;
P_0x557157180310 .param/l "i" 0 3 11, +C4<0110001>;
S_0x557157180400 .scope module, "g_xor" "my_xor" 3 14, 4 1 0, S_0x557157180140;
 .timescale 0 0;
    .port_info 0 /INPUT 1 "a"
    .port_info 1 /INPUT 1 "b"
    .port_info 2 /OUTPUT 1 "out"
L_0x557157195130 .functor XOR 1, L_0x5571571951d0, L_0x5571571952c0, C4<0>, C4<0>;
v0x557157180660_0 .net "a", 0 0, L_0x5571571951d0;  1 drivers
v0x557157180740_0 .net "b", 0 0, L_0x5571571952c0;  1 drivers
v0x557157180800_0 .net "out", 0 0, L_0x557157195130;  1 drivers
S_0x557157180920 .scope generate, "genblk1[50]" "genblk1[50]" 3 11, 3 11 0, S_0x55715715cf20;
 .timescale 0 0;
P_0x557157180af0 .param/l "i" 0 3 11, +C4<0110010>;
S_0x557157180be0 .scope module, "g_xor" "my_xor" 3 14, 4 1 0, S_0x557157180920;
 .timescale 0 0;
    .port_info 0 /INPUT 1 "a"
    .port_info 1 /INPUT 1 "b"
    .port_info 2 /OUTPUT 1 "out"
L_0x5571571956e0 .functor XOR 1, L_0x557157195780, L_0x557157195870, C4<0>, C4<0>;
v0x557157180e40_0 .net "a", 0 0, L_0x557157195780;  1 drivers
v0x557157180f20_0 .net "b", 0 0, L_0x557157195870;  1 drivers
v0x557157180fe0_0 .net "out", 0 0, L_0x5571571956e0;  1 drivers
S_0x557157181100 .scope generate, "genblk1[51]" "genblk1[51]" 3 11, 3 11 0, S_0x55715715cf20;
 .timescale 0 0;
P_0x5571571812d0 .param/l "i" 0 3 11, +C4<0110011>;
S_0x5571571813c0 .scope module, "g_xor" "my_xor" 3 14, 4 1 0, S_0x557157181100;
 .timescale 0 0;
    .port_info 0 /INPUT 1 "a"
    .port_info 1 /INPUT 1 "b"
    .port_info 2 /OUTPUT 1 "out"
L_0x557157195ca0 .functor XOR 1, L_0x557157195d40, L_0x557157195e30, C4<0>, C4<0>;
v0x557157181620_0 .net "a", 0 0, L_0x557157195d40;  1 drivers
v0x557157181700_0 .net "b", 0 0, L_0x557157195e30;  1 drivers
v0x5571571817c0_0 .net "out", 0 0, L_0x557157195ca0;  1 drivers
S_0x5571571818e0 .scope generate, "genblk1[52]" "genblk1[52]" 3 11, 3 11 0, S_0x55715715cf20;
 .timescale 0 0;
P_0x557157181ab0 .param/l "i" 0 3 11, +C4<0110100>;
S_0x557157181ba0 .scope module, "g_xor" "my_xor" 3 14, 4 1 0, S_0x5571571818e0;
 .timescale 0 0;
    .port_info 0 /INPUT 1 "a"
    .port_info 1 /INPUT 1 "b"
    .port_info 2 /OUTPUT 1 "out"
L_0x557157196270 .functor XOR 1, L_0x557157196310, L_0x557157196400, C4<0>, C4<0>;
v0x557157181e00_0 .net "a", 0 0, L_0x557157196310;  1 drivers
v0x557157181ee0_0 .net "b", 0 0, L_0x557157196400;  1 drivers
v0x557157181fa0_0 .net "out", 0 0, L_0x557157196270;  1 drivers
S_0x5571571820c0 .scope generate, "genblk1[53]" "genblk1[53]" 3 11, 3 11 0, S_0x55715715cf20;
 .timescale 0 0;
P_0x557157182290 .param/l "i" 0 3 11, +C4<0110101>;
S_0x557157182380 .scope module, "g_xor" "my_xor" 3 14, 4 1 0, S_0x5571571820c0;
 .timescale 0 0;
    .port_info 0 /INPUT 1 "a"
    .port_info 1 /INPUT 1 "b"
    .port_info 2 /OUTPUT 1 "out"
L_0x557157196850 .functor XOR 1, L_0x5571571968f0, L_0x5571571969e0, C4<0>, C4<0>;
v0x5571571825e0_0 .net "a", 0 0, L_0x5571571968f0;  1 drivers
v0x5571571826c0_0 .net "b", 0 0, L_0x5571571969e0;  1 drivers
v0x557157182780_0 .net "out", 0 0, L_0x557157196850;  1 drivers
S_0x5571571828a0 .scope generate, "genblk1[54]" "genblk1[54]" 3 11, 3 11 0, S_0x55715715cf20;
 .timescale 0 0;
P_0x557157182a70 .param/l "i" 0 3 11, +C4<0110110>;
S_0x557157182b60 .scope module, "g_xor" "my_xor" 3 14, 4 1 0, S_0x5571571828a0;
 .timescale 0 0;
    .port_info 0 /INPUT 1 "a"
    .port_info 1 /INPUT 1 "b"
    .port_info 2 /OUTPUT 1 "out"
L_0x557157196e40 .functor XOR 1, L_0x557157196ee0, L_0x557157196fd0, C4<0>, C4<0>;
v0x557157182dc0_0 .net "a", 0 0, L_0x557157196ee0;  1 drivers
v0x557157182ea0_0 .net "b", 0 0, L_0x557157196fd0;  1 drivers
v0x557157182f60_0 .net "out", 0 0, L_0x557157196e40;  1 drivers
S_0x557157183080 .scope generate, "genblk1[55]" "genblk1[55]" 3 11, 3 11 0, S_0x55715715cf20;
 .timescale 0 0;
P_0x557157183250 .param/l "i" 0 3 11, +C4<0110111>;
S_0x557157183340 .scope module, "g_xor" "my_xor" 3 14, 4 1 0, S_0x557157183080;
 .timescale 0 0;
    .port_info 0 /INPUT 1 "a"
    .port_info 1 /INPUT 1 "b"
    .port_info 2 /OUTPUT 1 "out"
L_0x557157197440 .functor XOR 1, L_0x5571571974e0, L_0x5571571975d0, C4<0>, C4<0>;
v0x5571571835a0_0 .net "a", 0 0, L_0x5571571974e0;  1 drivers
v0x557157183680_0 .net "b", 0 0, L_0x5571571975d0;  1 drivers
v0x557157183740_0 .net "out", 0 0, L_0x557157197440;  1 drivers
S_0x557157183860 .scope generate, "genblk1[56]" "genblk1[56]" 3 11, 3 11 0, S_0x55715715cf20;
 .timescale 0 0;
P_0x557157183a30 .param/l "i" 0 3 11, +C4<0111000>;
S_0x557157183b20 .scope module, "g_xor" "my_xor" 3 14, 4 1 0, S_0x557157183860;
 .timescale 0 0;
    .port_info 0 /INPUT 1 "a"
    .port_info 1 /INPUT 1 "b"
    .port_info 2 /OUTPUT 1 "out"
L_0x557157197a50 .functor XOR 1, L_0x557157197af0, L_0x557157197be0, C4<0>, C4<0>;
v0x557157183d80_0 .net "a", 0 0, L_0x557157197af0;  1 drivers
v0x557157183e60_0 .net "b", 0 0, L_0x557157197be0;  1 drivers
v0x557157183f20_0 .net "out", 0 0, L_0x557157197a50;  1 drivers
S_0x557157184040 .scope generate, "genblk1[57]" "genblk1[57]" 3 11, 3 11 0, S_0x55715715cf20;
 .timescale 0 0;
P_0x557157184210 .param/l "i" 0 3 11, +C4<0111001>;
S_0x557157184300 .scope module, "g_xor" "my_xor" 3 14, 4 1 0, S_0x557157184040;
 .timescale 0 0;
    .port_info 0 /INPUT 1 "a"
    .port_info 1 /INPUT 1 "b"
    .port_info 2 /OUTPUT 1 "out"
L_0x557157198070 .functor XOR 1, L_0x557157198110, L_0x557157198200, C4<0>, C4<0>;
v0x557157184560_0 .net "a", 0 0, L_0x557157198110;  1 drivers
v0x557157184640_0 .net "b", 0 0, L_0x557157198200;  1 drivers
v0x557157184700_0 .net "out", 0 0, L_0x557157198070;  1 drivers
S_0x557157184820 .scope generate, "genblk1[58]" "genblk1[58]" 3 11, 3 11 0, S_0x55715715cf20;
 .timescale 0 0;
P_0x5571571849f0 .param/l "i" 0 3 11, +C4<0111010>;
S_0x557157184ae0 .scope module, "g_xor" "my_xor" 3 14, 4 1 0, S_0x557157184820;
 .timescale 0 0;
    .port_info 0 /INPUT 1 "a"
    .port_info 1 /INPUT 1 "b"
    .port_info 2 /OUTPUT 1 "out"
L_0x5571571986a0 .functor XOR 1, L_0x557157198740, L_0x557157198830, C4<0>, C4<0>;
v0x557157184d40_0 .net "a", 0 0, L_0x557157198740;  1 drivers
v0x557157184e20_0 .net "b", 0 0, L_0x557157198830;  1 drivers
v0x557157184ee0_0 .net "out", 0 0, L_0x5571571986a0;  1 drivers
S_0x557157185000 .scope generate, "genblk1[59]" "genblk1[59]" 3 11, 3 11 0, S_0x55715715cf20;
 .timescale 0 0;
P_0x5571571851d0 .param/l "i" 0 3 11, +C4<0111011>;
S_0x5571571852c0 .scope module, "g_xor" "my_xor" 3 14, 4 1 0, S_0x557157185000;
 .timescale 0 0;
    .port_info 0 /INPUT 1 "a"
    .port_info 1 /INPUT 1 "b"
    .port_info 2 /OUTPUT 1 "out"
L_0x557157198ce0 .functor XOR 1, L_0x557157198d80, L_0x557157198e70, C4<0>, C4<0>;
v0x557157185520_0 .net "a", 0 0, L_0x557157198d80;  1 drivers
v0x557157185600_0 .net "b", 0 0, L_0x557157198e70;  1 drivers
v0x5571571856c0_0 .net "out", 0 0, L_0x557157198ce0;  1 drivers
S_0x5571571857e0 .scope generate, "genblk1[60]" "genblk1[60]" 3 11, 3 11 0, S_0x55715715cf20;
 .timescale 0 0;
P_0x5571571859b0 .param/l "i" 0 3 11, +C4<0111100>;
S_0x557157185aa0 .scope module, "g_xor" "my_xor" 3 14, 4 1 0, S_0x5571571857e0;
 .timescale 0 0;
    .port_info 0 /INPUT 1 "a"
    .port_info 1 /INPUT 1 "b"
    .port_info 2 /OUTPUT 1 "out"
L_0x557157199330 .functor XOR 1, L_0x5571571993d0, L_0x5571571994c0, C4<0>, C4<0>;
v0x557157185d00_0 .net "a", 0 0, L_0x5571571993d0;  1 drivers
v0x557157185de0_0 .net "b", 0 0, L_0x5571571994c0;  1 drivers
v0x557157185ea0_0 .net "out", 0 0, L_0x557157199330;  1 drivers
S_0x557157185fc0 .scope generate, "genblk1[61]" "genblk1[61]" 3 11, 3 11 0, S_0x55715715cf20;
 .timescale 0 0;
P_0x557157186190 .param/l "i" 0 3 11, +C4<0111101>;
S_0x557157186280 .scope module, "g_xor" "my_xor" 3 14, 4 1 0, S_0x557157185fc0;
 .timescale 0 0;
    .port_info 0 /INPUT 1 "a"
    .port_info 1 /INPUT 1 "b"
    .port_info 2 /OUTPUT 1 "out"
L_0x557157199990 .functor XOR 1, L_0x557157199a30, L_0x557157199b20, C4<0>, C4<0>;
v0x5571571864e0_0 .net "a", 0 0, L_0x557157199a30;  1 drivers
v0x5571571865c0_0 .net "b", 0 0, L_0x557157199b20;  1 drivers
v0x557157186680_0 .net "out", 0 0, L_0x557157199990;  1 drivers
S_0x5571571867a0 .scope generate, "genblk1[62]" "genblk1[62]" 3 11, 3 11 0, S_0x55715715cf20;
 .timescale 0 0;
P_0x557157186970 .param/l "i" 0 3 11, +C4<0111110>;
S_0x557157186a60 .scope module, "g_xor" "my_xor" 3 14, 4 1 0, S_0x5571571867a0;
 .timescale 0 0;
    .port_info 0 /INPUT 1 "a"
    .port_info 1 /INPUT 1 "b"
    .port_info 2 /OUTPUT 1 "out"
L_0x55715719a000 .functor XOR 1, L_0x55715719a0a0, L_0x55715719a9a0, C4<0>, C4<0>;
v0x557157186cc0_0 .net "a", 0 0, L_0x55715719a0a0;  1 drivers
v0x557157186da0_0 .net "b", 0 0, L_0x55715719a9a0;  1 drivers
v0x557157186e60_0 .net "out", 0 0, L_0x55715719a000;  1 drivers
S_0x557157186f80 .scope generate, "genblk1[63]" "genblk1[63]" 3 11, 3 11 0, S_0x55715715cf20;
 .timescale 0 0;
P_0x557157187150 .param/l "i" 0 3 11, +C4<0111111>;
S_0x557157187240 .scope module, "g_xor" "my_xor" 3 14, 4 1 0, S_0x557157186f80;
 .timescale 0 0;
    .port_info 0 /INPUT 1 "a"
    .port_info 1 /INPUT 1 "b"
    .port_info 2 /OUTPUT 1 "out"
L_0x55715719b6a0 .functor XOR 1, L_0x55715719b740, L_0x55715719b830, C4<0>, C4<0>;
v0x5571571874a0_0 .net "a", 0 0, L_0x55715719b740;  1 drivers
v0x557157187580_0 .net "b", 0 0, L_0x55715719b830;  1 drivers
v0x557157187640_0 .net "out", 0 0, L_0x55715719b6a0;  1 drivers
    .scope S_0x55715715d2b0;
T_0 ;
    %vpi_call 2 12 "$dumpfile", "xor64bit.vcd" {0 0 0};
    %vpi_call 2 13 "$dumpvars", 32'sb00000000000000000000000000000000, S_0x55715715d2b0 {0 0 0};
    %pushi/vec4 1023, 0, 64;
    %store/vec4 v0x557157187a90_0, 0, 64;
    %pushi/vec4 872, 0, 64;
    %store/vec4 v0x557157187b80_0, 0, 64;
    %delay 20, 0;
    %pushi/vec4 1019, 0, 64;
    %store/vec4 v0x557157187a90_0, 0, 64;
    %pushi/vec4 1017, 0, 64;
    %store/vec4 v0x557157187b80_0, 0, 64;
    %delay 20, 0;
    %pushi/vec4 682, 0, 64;
    %store/vec4 v0x557157187a90_0, 0, 64;
    %pushi/vec4 682, 0, 64;
    %store/vec4 v0x557157187b80_0, 0, 64;
    %end;
    .thread T_0;
    .scope S_0x55715715d2b0;
T_1 ;
    %vpi_call 2 29 "$monitor", "XOR Inputs:\012        a = %b = %d\012        b = %b = %d\012XOR output\012      Out = %b = %d\012", v0x557157187a90_0, v0x557157187a90_0, v0x557157187b80_0, v0x557157187b80_0, v0x557157187c50_0, v0x557157187c50_0 {0 0 0};
    %end;
    .thread T_1;
# The file index is used to find the file name in the following table.
:file_names 5;
    "N/A";
    "<interactive>";
    "xor_test.v";
    "xor64bit.v";
    "my_xor.v";
